C51 COMPILER V9.60.7.0   MAIN                                                              09/27/2024 14:35:16 PAGE 1   


C51 COMPILER V9.60.7.0, COMPILATION OF MODULE MAIN
OBJECT MODULE PLACED IN .\Objects\main.obj
COMPILER INVOKED BY: C:\Keil_v5\C51\BIN\C51.EXE main.c OPTIMIZE(8,SPEED) BROWSE DEBUG OBJECTEXTEND PRINT(.\Listings\main
                    -.lst) OBJECT(.\Objects\main.obj)

line level    source

   1          #include <reg52.h>
   2          
   3          sbit led1 = P2 ^ 0;
   4          sbit led8 = P2 ^ 7;
   5          
   6          // 定时器0, TMOD低四位, 时钟11.0592MHz 计时1毫秒
   7          void timer0Init();
   8          // 定时器1, TMOD高四位, 时钟11.0592MHz 计时1毫秒
   9          void timer1Init();
  10          
  11          unsigned int timer0Cnt = 0;
  12          unsigned int timer1Cnt = 0;
  13          
  14          void main() {
  15   1              timer0Init();
  16   1              timer1Init();
  17   1      
  18   1              while (1)
  19   1                      ;
  20   1      }
  21          
  22          // 定时器0, TMOD低四位, 时钟11.0592MHz 计时10毫秒
  23          void timer0Init() {
  24   1              EA = 1;  // 先打开中断总开关
  25   1              ET0 = 1; // 打开定时器0的开关
  26   1      
  27   1              TMOD &= 0xF0; // TMOD低四位清零
  28   1              TMOD |= 0x01; // 无外部中断, 定时模式, 方式1: 16位定时器工作
  29   1              TH0 = 0xDC;       // TH0寄存器初始值, 计数高八位
  30   1              TL0 = 0x00;       // TL0寄存器初始值, 计数低八位
  31   1              TF0 = 0;          // TF0, 溢出标志位, 置0
  32   1              TR0 = 1;          // 运行定时器0
  33   1      }
  34          
  35          // 定时器1, TMOD高四位, 时钟11.0592MHz 计时10毫秒
  36          void timer1Init() {
  37   1              EA = 1;  // 先打开中断总开关
  38   1              ET1 = 1; // 打开定时器0的开关
  39   1      
  40   1              TMOD &= 0x0F; // TMOD高四位清零
  41   1              TMOD |= 0x10; // 无外部中断, 定时模式, 方式1: 16位定时器工作
  42   1              TH1 = 0xDC;       // TH1寄存器初始值, 计数高八位
  43   1              TL1 = 0x00;       // TL1寄存器初始值, 计数第八位
  44   1              TF1 = 0;          // TF1, 定时器1溢出标志位, 置0
  45   1              TR1 = 1;          // 运行定时器1
  46   1      }
  47          
  48          void timer0Func() interrupt 1 {
  49   1              timer0Cnt++;
  50   1              TH0 = 0xDC; // TH0寄存器初始值, 计数高八位
  51   1              TL0 = 0x00; // TL0寄存器初始值, 计数低八位
  52   1          
  53   1              if (timer0Cnt >= 50) {
  54   2      
C51 COMPILER V9.60.7.0   MAIN                                                              09/27/2024 14:35:16 PAGE 2   

  55   2                      timer0Cnt = 0;
  56   2                      led1 = ~led1;
  57   2              }
  58   1      }
  59          
  60          void timer1Func() interrupt 3 {
  61   1              timer1Cnt++;
  62   1              TH1 = 0xDC; // TH1寄存器初始值, 计数高八位
  63   1              TL1 = 0x00; // TL1寄存器初始值, 计数第八位
  64   1      
  65   1              if (timer1Cnt >= 100) {
  66   2      
  67   2                      timer1Cnt = 0;
  68   2                      led8 = ~led8;
  69   2              }
  70   1      }


MODULE INFORMATION:   STATIC OVERLAYABLE
   CODE SIZE        =    134    ----
   CONSTANT SIZE    =   ----    ----
   XDATA SIZE       =   ----    ----
   PDATA SIZE       =   ----    ----
   DATA SIZE        =      4    ----
   IDATA SIZE       =   ----    ----
   BIT SIZE         =   ----    ----
END OF MODULE INFORMATION.


C51 COMPILATION COMPLETE.  0 WARNING(S),  0 ERROR(S)
