C51 COMPILER V9.60.7.0   LCD9648                                                           10/18/2024 14:57:14 PAGE 1   


C51 COMPILER V9.60.7.0, COMPILATION OF MODULE LCD9648
OBJECT MODULE PLACED IN .\Objects\lcd9648.obj
COMPILER INVOKED BY: C:\Keil_v5\C51\BIN\C51.EXE Apps\lcd9648.c OPTIMIZE(8,SPEED) BROWSE INCDIR(.\Utils;.\Apps) DEBUG OBJ
                    -ECTEXTEND PRINT(.\Listings\lcd9648.lst) OBJECT(.\Objects\lcd9648.obj)

line level    source

   1          #include "reg52.h"
   2          #include "lcd9648.h"
   3          #include "font.h"
   4          #include "util.h"
   5          
   6          //管脚定义
   7          sbit CS0 = P0 ^ 3; // 片选, 使能
   8          sbit RST = P0 ^ 2; // 复位
   9          sbit RS = P0 ^ 4;  // 数据命令选择端
  10          sbit SCL = P0 ^ 6; // SPI时钟端
  11          sbit SDA = P0 ^ 5; // SPI数据端
  12          
  13          static void _LCD9648_writeData(u8 u8data);
  14          static void _LCD9648_writeCmd(u8 u8cmd);
  15          static void _LCD9648_showChar(u8 x, u8 y, char c);
  16          
  17          void LCD9648_init() {
  18   1          // 硬件复位
  19   1          RST = 1;
  20   1          delayNMs(10);
  21   1          RST = 0; // 复位拉低
  22   1          delayNMs(10);
  23   1          RST = 1; // 复位拉高
  24   1          delayNMs(10);
  25   1      
  26   1          CS0 = 1; // 片选(使能)拉高, 空闲
  27   1          SCL = 0; // SPI时钟端拉低, 空闲
  28   1      
  29   1          _LCD9648_writeCmd(0xE2); // 软件复位
  30   1          _LCD9648_writeCmd(0xC8); // 扫描方向, 0xC8从右到左, 0xC0从左到右
  31   1          _LCD9648_writeCmd(0xA0); // 段选方向?(决定了内存数据在, 显示器像素点的映射) 0xA0
             -常方向, 0xA1反方向
  32   1          _LCD9648_writeCmd(0x2F); // 0x2F命令, 启动 LCD9648, 不一定显示内容
  33   1      
  34   1          _LCD9648_writeCmd(0x26); // 发送0x26 开始对比度控制
  35   1          _LCD9648_writeCmd(0x81); // 发送0x81 开启设置对比度值设置
  36   1          _LCD9648_writeCmd(0x10); // 设置具体对比度 0x10
  37   1      
  38   1          _LCD9648_writeCmd(0xAF); // 发送0xAF 显示屏开启显示内容
  39   1      }
  40          
  41          void LCD9648_clear() {
  42   1          u8 i = 0;
  43   1          u8 j = 0;
  44   1          CS0 = 1; // 空闲
  45   1          SCL = 0; // 空闲
  46   1      
  47   1          // 滚动方向
  48   1          _LCD9648_writeCmd(0x40);
  49   1          for (i = 0; i < 6; i++) {
  50   2              // 页选
  51   2              _LCD9648_writeCmd(0xB0 + i); // 0xB0 应该是首页地址
  52   2      
  53   2              // 列地址设置
C51 COMPILER V9.60.7.0   LCD9648                                                           10/18/2024 14:57:14 PAGE 2   

  54   2              _LCD9648_writeCmd(0x10); // 列地址, 高位0001
  55   2              _LCD9648_writeCmd(0x00); // 列地址, 低位0000
  56   2      
  57   2              // 写入数据时, 下一个写入地址会自增
  58   2              for (j = 0; j < LCD_WIDTH; j++)
  59   2                  _LCD9648_writeData(0x00);
  60   2          }
  61   1      }
  62          
  63          // font_h: 表示汉字占用的像素宽度大小, 取值16, 24
  64          void LCD9648_showChinese(u8 x, u8 y, u8 font_h, const char* str) {
  65   1          u8 u8size = font_h * font_h / 8; // 汉字编码的字节数
  66   1          u8 i = 0;                        // 汉字编码遍历索引
  67   1          u8 j = 0;                        // 要显示的汉字在CnChar数组中的索引
  68   1          u8 x1 = 0;                       // 横索引的低4位
  69   1          u8 x2 = 0;                       // 横索引的高4位
  70   1      
  71   1          char* cur = str;
  72   1          // 记录font中汉字显示编码数组中元素个数, 用于汉字编码对比
  73   1          u8 num = (font_h == 16) ? (sizeof(CnChar16x16) / sizeof(CnChar16x16[0])) : (sizeof(CnChar24x24) / size
             -of(CnChar24x24[0]));
  74   1          // 记录要从哪个汉字编码数组中找
  75   1          struct CnCharTypeDef* CnChar = (font_h == 16) ? CnChar16x16 : CnChar24x24;
  76   1      
  77   1          // 校验参数, x,y,str
  78   1          if (x > 95 || y > 5 || !cur)
  79   1              return;
  80   1      
  81   1          // 遍历字符串, UTF-8编码每3个字节表示一个汉字
  82   1          while (*cur != '\0') {
  83   2              if ((x > (LCD_WIDTH - font_h)) || (y > (LCD_HEIGHT - 1 - 1)))
  84   2                  break;
  85   2      
  86   2              x1 = x & 0x0F;        //低4位
  87   2              x2 = (x >> 4) & 0x0F; //高4位
  88   2      
  89   2              // 查询要显示的汉字是不是在font的数组中
  90   2              for (j = 0; j < num; j++) {
  91   3                  // 在font汉字数组中, 找到要显示的汉字
  92   3                  if ((CnChar[j].Index[0] == *cur) && (CnChar[j].Index[1] == *(cur + 1)) && (CnChar[j].Index[2] 
             -== *(cur + 2))) {
  93   4                      // 遍历汉字编码数组
  94   4                      y = 0; // 开始写入汉字时, 页偏移量清零, 都从头开始嘛
  95   4                      for (i = 0; i < u8size; i++) {
  96   5                          // 当前字的当前页的写完了, 换下一个页
  97   5                          // 不能单纯的判断 i == 点阵宽度, 因为 一个汉字点阵宽度不同, 占
             -用的页就不同
  98   5                          if (i % font_h == 0) {
  99   6                              _LCD9648_writeCmd(0xB0 | (y++)); // 页地址指令
 100   6                              _LCD9648_writeCmd(0x10 | x2);    // x索引高4位指令
 101   6                              _LCD9648_writeCmd(0x00 | x1);    // x索引低4位指令
 102   6                          }
 103   5                          _LCD9648_writeData(CnChar[j].Msk[i]);
 104   5                      }
 105   4      
 106   4                      x += font_h; // 每显示一个汉字横索往向移动font_wh个字节
 107   4                      break;
 108   4                  }
 109   3              }
 110   2      
 111   2              cur += 3; // 下一个汉字, 这里自增的大小 要根据不同编码中 汉字字节数来决
             -定, utf-8中 汉字就占用3字节
C51 COMPILER V9.60.7.0   LCD9648                                                           10/18/2024 14:57:14 PAGE 3   

 112   2          }
 113   1      }
 114          
 115          void LCD9648_showImage(u8* imageMap) {
 116   1          u8 i = 0;
 117   1          u8 j = 0;
 118   1      
 119   1          // 滚动方向
 120   1          for (i = 0; i < 6; i++) {
 121   2              _LCD9648_writeCmd(0x40);
 122   2              // 页选
 123   2              _LCD9648_writeCmd(0xB0 + i); // 0xB0 应该是首页地址
 124   2      
 125   2              // 列地址设置
 126   2              _LCD9648_writeCmd(0x10); // 列地址, 高位0001
 127   2              _LCD9648_writeCmd(0x00); // 列地址, 低位0000
 128   2      
 129   2              // 写入数据时, 下一个写入地址会自增
 130   2              for (j = 0; j < LCD_WIDTH; j++) {
 131   3                  _LCD9648_writeData((*imageMap));
 132   3                  imageMap++;
 133   3              }
 134   2          }
 135   1      }
 136          
 137          // 宽度8, 高度16, 编码16字节
 138          void LCD9648_showString(u8 x, u8 y, const char* str) {
 139   1          char* cur = str;
 140   1          if (x > LCD_WIDTH || y > LCD_HEIGHT / 8 || !cur)
 141   1              return;
 142   1      
 143   1          while (*cur != '\0') {
 144   2              if (x > 96)
 145   2                  break;
 146   2              _LCD9648_showChar(x, y, *cur);
 147   2              x += 8;
 148   2              cur++;
 149   2          }
 150   1      }
 151          
 152          void LCD9648_show16HZ(u8 x, u8 y, const u8* cnMap);
 153          
 154          void LCD9648_showNum(u8 x, u8 y, u32 num, u8 len, u8 mode);
 155          
 156          // font.h自带的字符取模数组 是逐列式扫描取模的, 逐列式 会将第一列16个像素 扫
             -出来紧挨着放,
 157          // 字符是8x16的, 而 一页是8, 所以 font.h 里的字符取模, 偶数坐标是第0页的像素取
             -数据, 奇数坐标是第1页的像素取模数据
 158          // 所以, 写数据时要跳着写
 159          static void _LCD9648_showChar(u8 x, u8 y, char c) {
 160   1          u8 u8size = 16; // 一个字符的取模编码长度是16字节
 161   1          u8 i = 0;
 162   1          u8 x1 = 0;          // 高四位
 163   1          u8 x2 = 0;          // 低四位
 164   1          u8 index = c - ' '; // 字符编码表的顺序, 是按照ASCII码表 排列的, 第0个取模编码
             -组是' ', 后续是按照ASCII码表排序的
 165   1                              // 所以 字符 - ' ', 起始就是 字符在取模表中的下标位置
 166   1      
 167   1          x1 = x & 0x0F;        //低4位
 168   1          x2 = (x >> 4) & 0x0F; //高4位
 169   1      
 170   1          _LCD9648_writeCmd(0xb0 | y);  //页地址指令
C51 COMPILER V9.60.7.0   LCD9648                                                           10/18/2024 14:57:14 PAGE 4   

 171   1          _LCD9648_writeCmd(0x10 | x2); //x索引高4位指令
 172   1          _LCD9648_writeCmd(0x00 | x1); //x索引低4位指令
 173   1          for (i = 0; i < u8size / 2; i++) {
 174   2              _LCD9648_writeData(ascii_1608[index][i * 2]);
 175   2          }
 176   1      
 177   1          _LCD9648_writeCmd(0xb0 | (y + 1)); //页地址指令
 178   1          _LCD9648_writeCmd(0x10 | x2);      //x索引高4位指令
 179   1          _LCD9648_writeCmd(0x00 | x1);      //x索引低4位指令
 180   1          for (i = 0; i < u8size / 2; i++) {
 181   2              _LCD9648_writeData(ascii_1608[index][i * 2 + 1]);
 182   2          }
 183   1      }
 184          
 185          static void _LCD9648_writeData(u8 u8data) {
 186   1          u8 i = 0;
 187   1      
 188   1          SCL = 0; // 时钟拉低, 空闲
 189   1          delay10Us();
 190   1      
 191   1          CS0 = 0; // 片选拉低
 192   1          delay10Us();
 193   1          RS = 1; // 写数据
 194   1          // MSB 先发高位
 195   1          for (i = 0; i < 8; i++) {
 196   2              SDA = (u8data & 0x80) ? 1 : 0; // 取高位
 197   2              u8data <<= 1;                  // 去高位
 198   2      
 199   2              SCL = 1; // 时钟拉高, 发送
 200   2              delay10Us();
 201   2              SCL = 0; // 时钟拉低, 空闲
 202   2              delay10Us();
 203   2          }
 204   1      
 205   1          SCL = 1; // 时钟拉高, 发送
 206   1          delay10Us();
 207   1          SCL = 0; // 时钟拉低, 空闲
 208   1          delay10Us();
 209   1          CS0 = 1; // 片选拉高
 210   1      }
 211          
 212          static void _LCD9648_writeCmd(u8 u8cmd) {
 213   1          u8 i = 0;
 214   1      
 215   1          SCL = 0; // 时钟拉低, 空闲
 216   1          delay10Us();
 217   1          CS0 = 0; // 片选拉低
 218   1          delay10Us();
 219   1          RS = 0; // 写命令
 220   1      
 221   1          // MSB 先发高位
 222   1          for (i = 0; i < 8; i++) {
 223   2              SDA = (u8cmd & 0x80) ? 1 : 0; // 取高位
 224   2              u8cmd <<= 1;                  // 去高位
 225   2      
 226   2              SCL = 1; // 时钟拉高, 发送
 227   2              delay10Us();
 228   2              SCL = 0; // 时钟拉低, 空闲
 229   2              delay10Us();
 230   2          }
 231   1      
 232   1          SCL = 1; // 时钟拉高, 发送
C51 COMPILER V9.60.7.0   LCD9648                                                           10/18/2024 14:57:14 PAGE 5   

 233   1          delay10Us();
 234   1          SCL = 0; // 时钟拉低, 空闲
 235   1          delay10Us();
 236   1          CS0 = 1; // 片选拉高
 237   1      }


MODULE INFORMATION:   STATIC OVERLAYABLE
   CODE SIZE        =    969    ----
   CONSTANT SIZE    =   2120    ----
   XDATA SIZE       =   ----    ----
   PDATA SIZE       =   ----    ----
   DATA SIZE        =   ----      40
   IDATA SIZE       =   ----    ----
   BIT SIZE         =   ----    ----
END OF MODULE INFORMATION.


C51 COMPILATION COMPLETE.  0 WARNING(S),  0 ERROR(S)
