C51 COMPILER V9.60.7.0   MAIN                                                              10/10/2024 15:03:01 PAGE 1   


C51 COMPILER V9.60.7.0, COMPILATION OF MODULE MAIN
OBJECT MODULE PLACED IN .\Objects\main.obj
COMPILER INVOKED BY: C:\Keil_v5\C51\BIN\C51.EXE Users\main.c OPTIMIZE(8,SPEED) BROWSE INCDIR(.\Utils;.\Apps) DEBUG OBJEC
                    -TEXTEND PRINT(.\Listings\main.lst) OBJECT(.\Objects\main.obj)

line level    source

   1          #include "reg52.h"
   2          #include "smg.h"
   3          #include "util.h"
   4          #include "ds1302.h"
   5          
   6          void SMG_Display() {
   7   1          u8 i = 0, j = 0;
   8   1      
   9   1          for (i = 0, j = 0; i < 3; i++) {
  10   2              smgFuncs[j]();
  11   2              j++;
  12   2              SMG = smgNum[gDS1302_Time[2 - i] / 16]; // 十位
  13   2              delayNMs(2);
  14   2              SMG = 0x00;
  15   2      
  16   2              smgFuncs[j]();
  17   2              j++;
  18   2              SMG = smgNum[gDS1302_Time[2 - i] % 16]; // 个位
  19   2              delayNMs(2);
  20   2              SMG = 0x00;
  21   2      
  22   2              if (j < 7) {
  23   3                  smgFuncs[j]();
  24   3                  j++;
  25   3                  SMG = 0x40; // -
  26   3                  delayNMs(2);
  27   3                  SMG = 0x00;
  28   3              }
  29   2          }
  30   1      }
  31          
  32          void main() {
  33   1      
  34   1          SMG_Init();
  35   1          DS1302_Init();
  36   1      
  37   1          while (1) {
  38   2              DS1302_GetTime();
  39   2              SMG_Display();
  40   2              delayMs();
  41   2          }
  42   1      }


MODULE INFORMATION:   STATIC OVERLAYABLE
   CODE SIZE        =    174    ----
   CONSTANT SIZE    =   ----    ----
   XDATA SIZE       =   ----    ----
   PDATA SIZE       =   ----    ----
   DATA SIZE        =   ----       2
   IDATA SIZE       =   ----    ----
   BIT SIZE         =   ----    ----
END OF MODULE INFORMATION.


C51 COMPILATION COMPLETE.  0 WARNING(S),  0 ERROR(S)
