C51 COMPILER V9.60.7.0   SMG                                                               10/10/2024 15:03:00 PAGE 1   


C51 COMPILER V9.60.7.0, COMPILATION OF MODULE SMG
OBJECT MODULE PLACED IN .\Objects\smg.obj
COMPILER INVOKED BY: C:\Keil_v5\C51\BIN\C51.EXE Apps\smg.c OPTIMIZE(8,SPEED) BROWSE INCDIR(.\Utils;.\Apps) DEBUG OBJECTE
                    -XTEND PRINT(.\Listings\smg.lst) OBJECT(.\Objects\smg.obj)

line level    source

   1          #include "smg.h"
   2          #include "reg52.h"
   3          
   4          // 3->8译码器的三个引脚
   5          // 板子上 右边数码管的是较小值
   6          sbit SMG_22 = P2 ^ 2;
   7          sbit SMG_23 = P2 ^ 3;
   8          sbit SMG_24 = P2 ^ 4;
   9          
  10          void SMG_Init() {}
  11          
  12          // 8个 1位数码管选择函数
  13          void SMG1() {
  14   1          SMG_24 = 1;
  15   1          SMG_23 = 1;
  16   1          SMG_22 = 1;
  17   1      }
  18          void SMG2() {
  19   1          SMG_24 = 1;
  20   1          SMG_23 = 1;
  21   1          SMG_22 = 0;
  22   1      }
  23          void SMG3() {
  24   1          SMG_24 = 1;
  25   1          SMG_23 = 0;
  26   1          SMG_22 = 1;
  27   1      }
  28          void SMG4() {
  29   1          SMG_24 = 1;
  30   1          SMG_23 = 0;
  31   1          SMG_22 = 0;
  32   1      }
  33          void SMG5() {
  34   1          SMG_24 = 0;
  35   1          SMG_23 = 1;
  36   1          SMG_22 = 1;
  37   1      }
  38          void SMG6() {
  39   1          SMG_24 = 0;
  40   1          SMG_23 = 1;
  41   1          SMG_22 = 0;
  42   1      }
  43          void SMG7() {
  44   1          SMG_24 = 0;
  45   1          SMG_23 = 0;
  46   1          SMG_22 = 1;
  47   1      }
  48          void SMG8() {
  49   1          SMG_24 = 0;
  50   1          SMG_23 = 0;
  51   1          SMG_22 = 0;
  52   1      }
  53          
  54          // 数码管选择函数 数组
C51 COMPILER V9.60.7.0   SMG                                                               10/10/2024 15:03:00 PAGE 2   

  55          smgSelFunc smgFuncs[] = {SMG1, SMG2, SMG3, SMG4, SMG5, SMG6, SMG7, SMG8};
  56          
  57          // 板子使用 共阴数码管, 各引脚给高电平点亮边
  58          // a b c d e f g dp  低->高
  59          // dp g f e d c b a
  60          // 0 1 2 3 4 5 6 7 8 9 A B C D E F . 空
  61          unsigned char smgNum[] = {0x3F, 0x06, 0x5B, 0x4F, 0x66, 0x6D, 0x7D, 0x07, 0x7F, 0x6F, 0x77, 0x7C, 0x39, 0x
             -5E, 0x79, 0x71,  0x80, 0x00};


MODULE INFORMATION:   STATIC OVERLAYABLE
   CODE SIZE        =     57    ----
   CONSTANT SIZE    =   ----    ----
   XDATA SIZE       =   ----    ----
   PDATA SIZE       =   ----    ----
   DATA SIZE        =     42    ----
   IDATA SIZE       =   ----    ----
   BIT SIZE         =   ----    ----
END OF MODULE INFORMATION.


C51 COMPILATION COMPLETE.  0 WARNING(S),  0 ERROR(S)
