C51 COMPILER V9.60.7.0   MAIN                                                              09/20/2024 16:09:31 PAGE 1   


C51 COMPILER V9.60.7.0, COMPILATION OF MODULE MAIN
OBJECT MODULE PLACED IN .\Objects\main.obj
COMPILER INVOKED BY: C:\Keil_v5\C51\BIN\C51.EXE main.c OPTIMIZE(8,SPEED) BROWSE DEBUG OBJECTEXTEND PRINT(.\Listings\main
                    -.lst) OBJECT(.\Objects\main.obj)

line level    source

   1          #include <reg52.h>
   2          
   3          #define LED P2
   4          
   5          void delayMS(unsigned int ms) {
   6   1              unsigned int i, j;
   7   1              for (i = 0; i < ms; i++)
   8   1                      for (j = 0; j < 123; j++)
   9   1                              ;
  10   1      }
  11          
  12          void main() {
  13   1              // unsigned char state = 0xFE; // 用于P2赋值, 设置8个LED灯的状态
  14   1              // unsigned char flag = 1;              // flag 为1, 表示LED1 -> LED8流水, 为0, 表示 LED8 -> LED1 流水
  15   1      
  16   1              // while (1) {
  17   1              //      if (state == 0xFF) {
  18   1              //              if (flag) {
  19   1              //                      state = 0xBF; // 1011 1111, 将要从 LED1 -> LED8 流水
  20   1              //                      flag = 0;
  21   1              //              }
  22   1              //              else {
  23   1              //                      state = 0xFD; // 1111 1101, 将要从 LED8 -> LED1 流水
  24   1              //                      flag = 1;
  25   1              //              }
  26   1              //      }
  27   1      
  28   1              //      LED = state; // 通过state设置8个LED灯的状态
  29   1              //      delayMS(300);
  30   1              //      LED = 0xFF; // 8个LED灯全灭
  31   1      
  32   1              //      if (flag) { // 根据 flag 识别流向
  33   1              //              state <<= 1;
  34   1              //              state |= 0x01;
  35   1              //      }
  36   1              //      else {
  37   1              //              state >>= 1;
  38   1              //              state |= 0x80;
  39   1              //      }
  40   1              // }
  41   1      
  42   1              
  43   1              unsigned char nonState = 0x01; // 用于P2赋值, 设置8个LED灯的状态, 表示 ~LED状态
  44   1              unsigned char flag = 1;         // flag 为1, 表示LED1 -> LED8流水, 为0, 表示 LED8 -> LED1 流水
  45   1      
  46   1              while (1) {
  47   2                      if (nonState == 0x00) {
  48   3                              if (flag) {
  49   4                                      nonState = 0x40; // 0100 0000, 将要从 LED1 -> LED8 流水
  50   4                                      flag = 0;
  51   4                              }
  52   3                              else {
  53   4                                      nonState = 0x02; // 0000 0010, 将要从 LED8 -> LED1 流水
  54   4                                      flag = 1;
C51 COMPILER V9.60.7.0   MAIN                                                              09/20/2024 16:09:31 PAGE 2   

  55   4                              }
  56   3                      }
  57   2      
  58   2                      LED = ~nonState; // 通过~state设置8个LED灯的状态
  59   2                      delayMS(300);
  60   2                      LED = 0xFF; // 8个LED灯全灭
  61   2      
  62   2                      if (flag) // 根据 flag 识别流向
  63   2                              nonState <<= 1;
  64   2                      else
  65   2                              nonState >>= 1;
  66   2              }
  67   1              
  68   1      }


MODULE INFORMATION:   STATIC OVERLAYABLE
   CODE SIZE        =     86    ----
   CONSTANT SIZE    =   ----    ----
   XDATA SIZE       =   ----    ----
   PDATA SIZE       =   ----    ----
   DATA SIZE        =   ----       1
   IDATA SIZE       =   ----    ----
   BIT SIZE         =   ----    ----
END OF MODULE INFORMATION.


C51 COMPILATION COMPLETE.  0 WARNING(S),  0 ERROR(S)
