C51 COMPILER V9.60.7.0   MAIN                                                              10/17/2024 20:26:44 PAGE 1   


C51 COMPILER V9.60.7.0, COMPILATION OF MODULE MAIN
OBJECT MODULE PLACED IN .\Objects\main.obj
COMPILER INVOKED BY: C:\Keil_v5\C51\BIN\C51.EXE Users\main.c OPTIMIZE(8,SPEED) BROWSE INCDIR(.\Utils;.\Apps) DEBUG OBJEC
                    -TEXTEND PRINT(.\Listings\main.lst) OBJECT(.\Objects\main.obj)

line level    source

   1          #include "reg52.h"
   2          #include "util.h"
   3          #include "lcd9648.h"
   4          #include "pic.h"
   5          
   6          void main() {
   7   1          LCD9648_init();
   8   1          delayNMs(200);
   9   1      
  10   1          //清屏
  11   1          LCD9648_clear();
  12   1          delayNMs(200);
  13   1      
  14   1          // 显示图片
  15   1          // LCD9648_showImage(gImage_pic);
  16   1          // 显示24x24字符串
  17   1          LCD9648_showChinese(0, 0, 24, "天王老子");
  18   1          // 显示16x16字符串
  19   1          // LCD9648_showChinese(0, 0, 16, "天王老子");
  20   1      
  21   1          delayNMs(2000);
  22   1          while (1)
  23   1              ;
  24   1      }


MODULE INFORMATION:   STATIC OVERLAYABLE
   CODE SIZE        =     46    ----
   CONSTANT SIZE    =    589    ----
   XDATA SIZE       =   ----    ----
   PDATA SIZE       =   ----    ----
   DATA SIZE        =   ----    ----
   IDATA SIZE       =   ----    ----
   BIT SIZE         =   ----    ----
END OF MODULE INFORMATION.


C51 COMPILATION COMPLETE.  0 WARNING(S),  0 ERROR(S)
