C51 COMPILER V9.60.7.0   MAIN                                                              10/18/2024 19:36:42 PAGE 1   


C51 COMPILER V9.60.7.0, COMPILATION OF MODULE MAIN
OBJECT MODULE PLACED IN .\Objects\main.obj
COMPILER INVOKED BY: C:\Keil_v5\C51\BIN\C51.EXE Users\main.c OPTIMIZE(8,SPEED) BROWSE INCDIR(.\Apps;.\Utils) DEBUG OBJEC
                    -TEXTEND PRINT(.\Listings\main.lst) OBJECT(.\Objects\main.obj)

line level    source

   1          #include "reg52.h"
   2          #include "pic.h"
   3          #include "oled.h"
   4          
   5          void main() {
   6   1          OLED_init();
   7   1          delayNMs(200);
   8   1      
   9   1          while (1) {
  10   2              OLED_clear();
  11   2              OLED_showImage(gImage_pic);
  12   2      
  13   2              OLED_clear();
  14   2              OLED_showChinese(0, 0, 24, "天王老子");
  15   2              OLED_showChinese(0, 5, 16, "天王老子");
  16   2      
  17   2              OLED_clear();
  18   2              OLED_showString(0, 0, "tianwanglaozi.");
  19   2              OLED_showString(0, 3, "TIANWANGLAOZI.");
  20   2          }
  21   1      }


MODULE INFORMATION:   STATIC OVERLAYABLE
   CODE SIZE        =     90    ----
   CONSTANT SIZE    =   1067    ----
   XDATA SIZE       =   ----    ----
   PDATA SIZE       =   ----    ----
   DATA SIZE        =   ----    ----
   IDATA SIZE       =   ----    ----
   BIT SIZE         =   ----    ----
END OF MODULE INFORMATION.


C51 COMPILATION COMPLETE.  0 WARNING(S),  0 ERROR(S)
