C51 COMPILER V9.60.7.0   MAIN                                                              09/23/2024 16:40:32 PAGE 1   


C51 COMPILER V9.60.7.0, COMPILATION OF MODULE MAIN
OBJECT MODULE PLACED IN .\Objects\main.obj
COMPILER INVOKED BY: C:\Keil_v5\C51\BIN\C51.EXE main.c OPTIMIZE(8,SPEED) BROWSE DEBUG OBJECTEXTEND PRINT(.\Listings\main
                    -.lst) OBJECT(.\Objects\main.obj)

line level    source

   1          #include <reg52.h>
   2          #include "delayMs.h"
   3          
   4          typedef void (*smgSelFunc)();
   5          
   6          // 8位数码管引脚
   7          #define SMG P0
   8          
   9          // 3->8译码器的三个引脚
  10          // 板子上 右边数码管的是较小值
  11          sbit SMG_22 = P2 ^ 2;
  12          sbit SMG_23 = P2 ^ 3;
  13          sbit SMG_24 = P2 ^ 4;
  14          
  15          // 8个 1位数码管选择函数
  16          void smg1() {
  17   1              SMG_24 = 1;
  18   1              SMG_23 = 1;
  19   1              SMG_22 = 1;
  20   1      }
  21          void smg2() {
  22   1              SMG_24 = 1;
  23   1              SMG_23 = 1;
  24   1              SMG_22 = 0;
  25   1      }
  26          void smg3() {
  27   1              SMG_24 = 1;
  28   1              SMG_23 = 0;
  29   1              SMG_22 = 1;
  30   1      }
  31          void smg4() {
  32   1              SMG_24 = 1;
  33   1              SMG_23 = 0;
  34   1              SMG_22 = 0;
  35   1      }
  36          void smg5() {
  37   1              SMG_24 = 0;
  38   1              SMG_23 = 1;
  39   1              SMG_22 = 1;
  40   1      }
  41          void smg6() {
  42   1              SMG_24 = 0;
  43   1              SMG_23 = 1;
  44   1              SMG_22 = 0;
  45   1      }
  46          void smg7() {
  47   1              SMG_24 = 0;
  48   1              SMG_23 = 0;
  49   1              SMG_22 = 1;
  50   1      }
  51          void smg8() {
  52   1              SMG_24 = 0;
  53   1              SMG_23 = 0;
  54   1              SMG_22 = 0;
C51 COMPILER V9.60.7.0   MAIN                                                              09/23/2024 16:40:32 PAGE 2   

  55   1      }
  56          
  57          // 数码管选择函数 数组
  58          smgSelFunc smgFuncs[] = {smg1, smg2, smg3, smg4, smg5, smg6, smg7, smg8};
  59          
  60          // 板子使用 共阴数码管, 各引脚给高电平点亮边
  61          // a b c d e f g dp  低->高
  62          // dp g f e d c b a
  63          unsigned char smgNum[] = {0x3F, 0x06, 0x5B, 0x4F, 0x66, 0x6D, 0x7D, 0x07, 0x7F, 0x6F, 0x77, 0x7C, 0x39, 0x
             -5E, 0x79, 0x71, 0x00};
  64          
  65          void main() {
  66   1              unsigned char i = 0;
  67   1              while (1) {
  68   2                      i %= 8;
  69   2                      
  70   2                      smgFuncs[i]();
  71   2                      SMG = smgNum[i++];
  72   2                      delayMs();
  73   2                      SMG = smgNum[16];
  74   2              }
  75   1      }


MODULE INFORMATION:   STATIC OVERLAYABLE
   CODE SIZE        =     99    ----
   CONSTANT SIZE    =   ----    ----
   XDATA SIZE       =   ----    ----
   PDATA SIZE       =   ----    ----
   DATA SIZE        =     41       1
   IDATA SIZE       =   ----    ----
   BIT SIZE         =   ----    ----
END OF MODULE INFORMATION.


C51 COMPILATION COMPLETE.  0 WARNING(S),  0 ERROR(S)
