C51 COMPILER V9.60.7.0   DELAY50US                                                         09/23/2024 11:52:42 PAGE 1   


C51 COMPILER V9.60.7.0, COMPILATION OF MODULE DELAY50US
OBJECT MODULE PLACED IN .\Objects\delay50Us.obj
COMPILER INVOKED BY: C:\Keil_v5\C51\BIN\C51.EXE delay50Us.c OPTIMIZE(8,SPEED) BROWSE DEBUG OBJECTEXTEND PRINT(.\Listings
                    -\delay50Us.lst) OBJECT(.\Objects\delay50Us.obj)

line level    source

   1          #include "delay50Us.h"
   2          #include <intrins.h>
   3          
   4          void delay50Us() {
   5   1              unsigned char data i;
   6   1      
   7   1              _nop_();
   8   1              i = 20;
   9   1              while (--i)
  10   1                      ;
  11   1      }


MODULE INFORMATION:   STATIC OVERLAYABLE
   CODE SIZE        =      6    ----
   CONSTANT SIZE    =   ----    ----
   XDATA SIZE       =   ----    ----
   PDATA SIZE       =   ----    ----
   DATA SIZE        =   ----    ----
   IDATA SIZE       =   ----    ----
   BIT SIZE         =   ----    ----
END OF MODULE INFORMATION.


C51 COMPILATION COMPLETE.  0 WARNING(S),  0 ERROR(S)
