C51 COMPILER V9.60.7.0   DELAY                                                             09/20/2024 19:46:03 PAGE 1   


C51 COMPILER V9.60.7.0, COMPILATION OF MODULE DELAY
OBJECT MODULE PLACED IN .\Objects\delay.obj
COMPILER INVOKED BY: C:\Keil_v5\C51\BIN\C51.EXE delay.c OPTIMIZE(8,SPEED) BROWSE DEBUG OBJECTEXTEND PRINT(.\Listings\del
                    -ay.lst) OBJECT(.\Objects\delay.obj)

line level    source

   1          #include "delay.h"
   2          #include <intrins.h>
   3          
   4          void delay50Us() {
   5   1              unsigned char data i;
   6   1      
   7   1              _nop_();
   8   1              i = 20;
   9   1              while (--i)
  10   1                      ;
  11   1      }
  12          
  13          void delayMs() {
  14   1              unsigned char data i, j;
  15   1      
  16   1              _nop_();
  17   1              i = 2;
  18   1              j = 199;
  19   1              do {
  20   2                      while (--j)
  21   2                              ;
  22   2              } while (--i);
  23   1      }
  24          
  25          void delay50UsN(unsigned int data n) {
  26   1              while (--n)
  27   1                      delay50Us();
  28   1      }
  29          
  30          void delayMsN(unsigned int data n) {
  31   1              while (--n)
  32   1                      delayMs();
  33   1      }


MODULE INFORMATION:   STATIC OVERLAYABLE
   CODE SIZE        =     54    ----
   CONSTANT SIZE    =   ----    ----
   XDATA SIZE       =   ----    ----
   PDATA SIZE       =   ----    ----
   DATA SIZE        =   ----    ----
   IDATA SIZE       =   ----    ----
   BIT SIZE         =   ----    ----
END OF MODULE INFORMATION.


C51 COMPILATION COMPLETE.  0 WARNING(S),  0 ERROR(S)
