C51 COMPILER V9.60.7.0   MAIN                                                              09/20/2024 20:27:28 PAGE 1   


C51 COMPILER V9.60.7.0, COMPILATION OF MODULE MAIN
OBJECT MODULE PLACED IN .\Objects\main.obj
COMPILER INVOKED BY: C:\Keil_v5\C51\BIN\C51.EXE main.c OPTIMIZE(8,SPEED) BROWSE DEBUG OBJECTEXTEND PRINT(.\Listings\main
                    -.lst) OBJECT(.\Objects\main.obj)

line level    source

   1          #include <reg52.h>
   2          #include "delay50Us.h"
   3          
   4          #define FEQUENCY_S 2000 // 每秒两千次
   5          
   6          sbit BEEP = P2 ^ 5;
   7          
   8          // 传参超过 200 建议用 delayMs()
   9          void delay50UsN(unsigned char data n) {
  10   1              while (--n)
  11   1                      delay50Us();
  12   1      }
  13          
  14          // 设置蜂鸣器 500us为一次脉冲, 占空比50%, 即 高250us, 低250us
  15          // 约 2000次脉冲/s
  16          void beepSet500() {
  17   1              BEEP = 0;
  18   1              delay50UsN(5);
  19   1              BEEP = 1;
  20   1              delay50UsN(5);
  21   1      }
  22          
  23          void main() {
  24   1              unsigned char second = 1;                               // 需要脉冲多少秒?
  25   1              unsigned int cnt = FEQUENCY_S * second; // 脉冲一定秒数 需要脉冲的次数
  26   1      
  27   1              while (--cnt)
  28   1                      beepSet500();
  29   1      
  30   1              // BEEP引脚为P2^5, 与LED灯共用
  31   1      
  32   1              // BEEP脉冲结束之后, 如果程序结束, 程序会再次执行, BEEP脉冲会继续, BEEP会一直
             -
  33   1              // 所以 禁止程序结束
  34   1              while (1)
  35   1                      ;
  36   1      }


MODULE INFORMATION:   STATIC OVERLAYABLE
   CODE SIZE        =     63    ----
   CONSTANT SIZE    =   ----    ----
   XDATA SIZE       =   ----    ----
   PDATA SIZE       =   ----    ----
   DATA SIZE        =   ----       3
   IDATA SIZE       =   ----    ----
   BIT SIZE         =   ----    ----
END OF MODULE INFORMATION.


C51 COMPILATION COMPLETE.  0 WARNING(S),  0 ERROR(S)
