C51 COMPILER V9.60.7.0   MIAN                                                              09/26/2024 17:16:19 PAGE 1   


C51 COMPILER V9.60.7.0, COMPILATION OF MODULE MIAN
OBJECT MODULE PLACED IN .\Objects\mian.obj
COMPILER INVOKED BY: C:\Keil_v5\C51\BIN\C51.EXE mian.c OPTIMIZE(8,SPEED) BROWSE DEBUG OBJECTEXTEND PRINT(.\Listings\mian
                    -.lst) OBJECT(.\Objects\mian.obj)

line level    source

   1          #include <reg52.h>
   2          #include <intrins.h>
   3          
   4          #define INT0_ON  \
   5                  {            \
   6                          EA = 1;  \
   7                          EX0 = 1; \
   8                          IT0 = 0; \
   9                  }
  10          
  11          #define INT1_ON  \
  12                  {            \
  13                          EA = 1;  \
  14                          EX1 = 1; \
  15                          IT1 = 0; \
  16                  }
  17          
  18                  
  19          void delayMs() {
  20   1              unsigned char i, j;
  21   1      
  22   1              _nop_();
  23   1              i = 2;
  24   1              j = 199;
  25   1              do {
  26   2                      while (--j)
  27   2                              ;
  28   2              } while (--i);
  29   1      }
  30          
  31          void delayNMs(unsigned int n) {
  32   1              while (--n)
  33   1                      delayMs();
  34   1      }
  35                  
  36          sbit int0t = P3^2;
  37          sbit int1t = P3^3;
  38                  
  39          void int0() interrupt 0 {
  40   1              P2 = 0X00;
  41   1                      delayNMs(100);
  42   1              int0t = 0;
  43   1      }
  44          
  45          void int1() interrupt 2 {
  46   1              P2 = 0XFF;
  47   1                      delayNMs(100);
  48   1              int1t = 0;
  49   1      }
  50          
  51          
  52          void main() {
  53   1          INT0_ON;
  54   1              INT1_ON;
C51 COMPILER V9.60.7.0   MIAN                                                              09/26/2024 17:16:19 PAGE 2   

  55   1              
  56   1              while(1) {
  57   2                      int0t = 1;
  58   2                      int1t = 1;
  59   2              }
  60   1      }


MODULE INFORMATION:   STATIC OVERLAYABLE
   CODE SIZE        =    127    ----
   CONSTANT SIZE    =   ----    ----
   XDATA SIZE       =   ----    ----
   PDATA SIZE       =   ----    ----
   DATA SIZE        =   ----    ----
   IDATA SIZE       =   ----    ----
   BIT SIZE         =   ----    ----
END OF MODULE INFORMATION.


C51 COMPILATION COMPLETE.  0 WARNING(S),  0 ERROR(S)
