NOTICE | Thu Dec  5 13:00:57 2024 | humid1ch | listenSock create success! | selectSvr.hpp:36
NOTICE | Thu Dec  5 13:00:57 2024 | humid1ch | sock create success! | selectSvr.hpp:59
NOTICE | Thu Dec  5 13:00:57 2024 | humid1ch | listenSock listen success! | selectSvr.hpp:68
select timeout...
select timeout...
select timeout...
select timeout...
NOTICE | Thu Dec  5 13:01:01 2024 | humid1ch | connect success! | selectSvr.hpp:87
NOTICE | Thu Dec  5 13:02:02 2024 | humid1ch | listenSock create success! | selectSvr.hpp:36
NOTICE | Thu Dec  5 13:02:02 2024 | humid1ch | sock create success! | selectSvr.hpp:59
NOTICE | Thu Dec  5 13:02:02 2024 | humid1ch | listenSock listen success! | selectSvr.hpp:68
select timeout...
select timeout...
NOTICE | Thu Dec  5 13:02:04 2024 | humid1ch | connect success! | selectSvr.hpp:87
NOTICE | Thu Dec  5 13:02:33 2024 | humid1ch | listenSock create success! | selectSvr.hpp:36
NOTICE | Thu Dec  5 13:02:33 2024 | humid1ch | sock create success! | selectSvr.hpp:59
NOTICE | Thu Dec  5 13:02:33 2024 | humid1ch | listenSock listen success! | selectSvr.hpp:68
select timeout...
select timeout...
NOTICE | Thu Dec  5 13:02:36 2024 | humid1ch | connect success! | selectSvr.hpp:87
NOTICE | Thu Dec  5 13:06:02 2024 | humid1ch | listenSock create success! | selectSvr.hpp:36
NOTICE | Thu Dec  5 13:06:02 2024 | humid1ch | sock create success! | selectSvr.hpp:59
NOTICE | Thu Dec  5 13:06:02 2024 | humid1ch | listenSock listen success! | selectSvr.hpp:68
select timeout...
NOTICE | Thu Dec  5 13:06:03 2024 | humid1ch | connect success! | selectSvr.hpp:87
NOTICE | Thu Dec  5 13:06:03 2024 | humid1ch | new connetc, fd: 5, ip: noknow, port: noknow | selectSvr.cc:32
select timeout...
select timeout...
select timeout...
select timeout...
select timeout...
select timeout...
NOTICE | Thu Dec  5 13:06:11 2024 | humid1ch | connect success! | selectSvr.hpp:87
NOTICE | Thu Dec  5 13:06:11 2024 | humid1ch | new connetc, fd: 6, ip: noknow, port: noknow | selectSvr.cc:32
NOTICE | Thu Dec  5 13:06:14 2024 | humid1ch | connect success! | selectSvr.hpp:87
NOTICE | Thu Dec  5 13:06:14 2024 | humid1ch | new connetc, fd: 7, ip: noknow, port: noknow | selectSvr.cc:32
