C51 COMPILER V9.60.7.0   XPT2046                                                           10/10/2024 17:21:14 PAGE 1   


C51 COMPILER V9.60.7.0, COMPILATION OF MODULE XPT2046
OBJECT MODULE PLACED IN .\Objects\xpt2046.obj
COMPILER INVOKED BY: C:\Keil_v5\C51\BIN\C51.EXE Apps\xpt2046.c OPTIMIZE(8,SPEED) BROWSE INCDIR(.\Utils;.\Apps) DEBUG OBJ
                    -ECTEXTEND PRINT(.\Listings\xpt2046.lst) OBJECT(.\Objects\xpt2046.obj)

line level    source

   1          #include "reg52.h"
   2          #include "intrins.h"
   3          #include "xpt2046.h"
   4          
   5          // 管脚
   6          sbit DOUT = P3 ^ 7; // SPI输出
   7          sbit DIN = P3 ^ 4;  // SPI输入
   8          sbit CLK = P3 ^ 6;  // SPI时钟
   9          sbit CS = P3 ^ 5;   // SPI片选
  10          
  11          //函数接口
  12          static void _SPI_WriteByte(u8 u8data);
  13          static u16 _SPI_ReadData(void);
  14          
  15          void XPT2046_Init() {}
  16          
  17          u16 XPT2046_GetValue(u8 u8cmd) {
  18   1          u8 i;
  19   1          u16 u16val = 0;
  20   1      
  21   1          CLK = 0;
  22   1          CS = 1;
  23   1          _nop_();
  24   1      
  25   1          CS = 0;
  26   1          _nop_(); // 开启XPT2046通信
  27   1      
  28   1          _SPI_WriteByte(u8cmd); // 主机发送指令
  29   1      
  30   1          //间隔一个时钟，以清除BUSY
  31   1          for (i = 0; i < 10; i++)
  32   1              ;
  33   1          CLK = 1;
  34   1          _nop_();
  35   1          CLK = 0;
  36   1          _nop_();
  37   1      
  38   1          u16val = _SPI_ReadData();
  39   1      
  40   1          CS = 1; //关闭XPT2046通信
  41   1          _nop_();
  42   1      
  43   1          return u16val;
  44   1      }
  45          
  46          static void _SPI_WriteByte(u8 u8data) {
  47   1          u8 i;
  48   1      
  49   1          CLK = 0;
  50   1          _nop_();
  51   1      
  52   1          // MSB
  53   1          for (i = 0; i < 8; i++) {
  54   2              DIN = u8data >> 7;
C51 COMPILER V9.60.7.0   XPT2046                                                           10/10/2024 17:21:14 PAGE 2   

  55   2              u8data <<= 1;
  56   2      
  57   2              CLK = 1;
  58   2              _nop_();
  59   2              CLK = 0;
  60   2              _nop_();
  61   2          }
  62   1      }
  63          
  64          static u16 _SPI_ReadData() {
  65   1          u16 u16val = 0;
  66   1          u8 i;
  67   1      
  68   1          CLK = 0;
  69   1          _nop_();
  70   1      
  71   1          // MSB
  72   1          for (i = 0; i < 12; i++) {
  73   2              u16val |= DOUT;
  74   2              u16val <<= 1;
  75   2      
  76   2              CLK = 1;
  77   2              _nop_();
  78   2              CLK = 0;
  79   2              _nop_();
  80   2          }
  81   1      
  82   1          return u16val;
  83   1      }


MODULE INFORMATION:   STATIC OVERLAYABLE
   CODE SIZE        =    102    ----
   CONSTANT SIZE    =   ----    ----
   XDATA SIZE       =   ----    ----
   PDATA SIZE       =   ----    ----
   DATA SIZE        =   ----       2
   IDATA SIZE       =   ----    ----
   BIT SIZE         =   ----    ----
END OF MODULE INFORMATION.


C51 COMPILATION COMPLETE.  0 WARNING(S),  0 ERROR(S)
