C51 COMPILER V9.60.7.0   MAIN                                                              10/11/2024 13:58:39 PAGE 1   


C51 COMPILER V9.60.7.0, COMPILATION OF MODULE MAIN
OBJECT MODULE PLACED IN .\Objects\main.obj
COMPILER INVOKED BY: C:\Keil_v5\C51\BIN\C51.EXE Users\main.c OPTIMIZE(8,SPEED) BROWSE INCDIR(.\Utils;.\Apps) DEBUG OBJEC
                    -TEXTEND PRINT(.\Listings\main.lst) OBJECT(.\Objects\main.obj)

line level    source

   1          #include "reg52.h"
   2          #include "util.h"
   3          #include "pwm.h"
   4          
   5          void main() {
   6   1          u16 u16period = 1000; //单位us
   7   1          u8 u8duty = 0;        //脉冲宽度
   8   1          u8 u8dir = 0;         //0表示duty由低到高，1：表示duty由高到低
   9   1      
  10   1          PWM_Init();
  11   1      
  12   1          while (1) {
  13   2              if (u8dir == 0) {
  14   3                  u8duty++; //脉冲占空比递增
  15   3                  if (u8duty == 70)
  16   3                      u8dir = 1; //
  17   3              }
  18   2              else {
  19   3                  u8duty--; //脉冲占空比递减
  20   3                  if (u8duty == 0)
  21   3                      u8dir = 0;
  22   3              }
  23   2              PWM_SetPULES(u16period, u8duty);
  24   2              delayNMs(10);
  25   2          }
  26   1      }


MODULE INFORMATION:   STATIC OVERLAYABLE
   CODE SIZE        =     54    ----
   CONSTANT SIZE    =   ----    ----
   XDATA SIZE       =   ----    ----
   PDATA SIZE       =   ----    ----
   DATA SIZE        =   ----       4
   IDATA SIZE       =   ----    ----
   BIT SIZE         =   ----    ----
END OF MODULE INFORMATION.


C51 COMPILATION COMPLETE.  0 WARNING(S),  0 ERROR(S)
