C51 COMPILER V9.60.7.0   AT24C02                                                           10/08/2024 16:17:14 PAGE 1   


C51 COMPILER V9.60.7.0, COMPILATION OF MODULE AT24C02
OBJECT MODULE PLACED IN .\Objects\at24c02.obj
COMPILER INVOKED BY: C:\Keil_v5\C51\BIN\C51.EXE Apps\at24c02.c OPTIMIZE(8,SPEED) BROWSE INCDIR(.\Apps;.\Utils) DEBUG OBJ
                    -ECTEXTEND PRINT(.\Listings\at24c02.lst) OBJECT(.\Objects\at24c02.obj)

line level    source

   1          #include "at24c02.h"
   2          #include "iic.h"
   3          
   4          // AT24C02读写驱动接口 (EEPROM)
   5          void at24c02Init() {}
   6          
   7          // 正常返回0, 异常返回1
   8          u8 at24c02WriteByte(u8 u8addr, u8 u8data) {
   9   1          // 开始
  10   1          iicStart();
  11   1          // 发送 从机地址 和 读写方向
  12   1          iicWriteByte(ADDR_W);
  13   1          // 等待从机响应
  14   1          if (iicWaitAck()) // 返回值为 0, 则表示通信结束
  15   1              return 1;
  16   1      
  17   1          // 发送 内存地址
  18   1          iicWriteByte(u8addr);
  19   1          // 等待从机应答
  20   1          if (iicWaitAck()) // 返回值为 0, 则表示通信结束
  21   1              return 1;
  22   1      
  23   1          // 发送 数据
  24   1          iicWriteByte(u8data);
  25   1          // 等待从机应答
  26   1          if (iicWaitAck()) // 返回值为 0, 则表示通信结束
  27   1              return 1;
  28   1      
  29   1          delayNMs(15);
  30   1      
  31   1          return 0;
  32   1      }
  33          
  34          u8 at24c02ReadByte(u8 u8addr) {
  35   1          u8 readRes = 0;
  36   1      
  37   1          // 开始 发送传输方向
  38   1          iicStart();
  39   1          iicWriteByte(ADDR_W);
  40   1          // 等待从机响应
  41   1          if (iicWaitAck()) // 返回值为 0, 则表示通信结束
  42   1              return 0;
  43   1      
  44   1          // 发送 内存地址
  45   1          iicWriteByte(u8addr);
  46   1          // 等待从机应答
  47   1          if (iicWaitAck()) // 返回值为 0, 则表示通信结束
  48   1              return 0;
  49   1      
  50   1          // 转换通信方向为 读
  51   1          iicStart();
  52   1          iicWriteByte(ADDR_R);
  53   1          // 等待从机响应
  54   1          if (iicWaitAck()) // 返回值为 0, 则表示通信结束
C51 COMPILER V9.60.7.0   AT24C02                                                           10/08/2024 16:17:14 PAGE 2   

  55   1              return 0;
  56   1      
  57   1          // 读取 从机发送的数据
  58   1          readRes = iicReadByte();
  59   1          // 对从机发送 NACK响应, 让其终止发送的通信
  60   1          iicNAck();
  61   1          // 终止通信
  62   1          iicStop();
  63   1      
  64   1          return readRes;
  65   1      }


MODULE INFORMATION:   STATIC OVERLAYABLE
   CODE SIZE        =    127    ----
   CONSTANT SIZE    =   ----    ----
   XDATA SIZE       =   ----    ----
   PDATA SIZE       =   ----    ----
   DATA SIZE        =   ----       4
   IDATA SIZE       =   ----    ----
   BIT SIZE         =   ----    ----
END OF MODULE INFORMATION.


C51 COMPILATION COMPLETE.  0 WARNING(S),  0 ERROR(S)
