C51 COMPILER V9.60.7.0   MAIN                                                              10/08/2024 09:25:15 PAGE 1   


C51 COMPILER V9.60.7.0, COMPILATION OF MODULE MAIN
OBJECT MODULE PLACED IN .\Objects\main.obj
COMPILER INVOKED BY: C:\Keil_v5\C51\BIN\C51.EXE Users\main.c OPTIMIZE(8,SPEED) BROWSE INCDIR(.\Apps;.\Utils) DEBUG OBJEC
                    -TEXTEND PRINT(.\Listings\main.lst) OBJECT(.\Objects\main.obj)

line level    source

   1          #include "reg52.h"
   2          #include "smg.h"
   3          #include "skey.h"
   4          #include "iic.h"
   5          #include "at24c02.h"
   6          #include "util.h"
   7          #include "uart.h"
   8          
   9          // 显示计数数据
  10          u8 displayData = 0;
  11          // 显示技术数组
  12          u8 displayNums[3] = {0};
  13          // smg显示
  14          void smgDisplay() {
  15   1          // 清空数组
  16   1          // 把数据每位放入数组
  17   1          u8 dataTemp = displayData;
  18   1          u8 dataUnit = 0;
  19   1          u8 i = 2;
  20   1      
  21   1          displayNums[0] = 0;
  22   1          displayNums[1] = 0;
  23   1          displayNums[2] = 0;
  24   1          while (dataTemp) {
  25   2              dataUnit = dataTemp % 10;
  26   2              dataTemp /= 10;
  27   2      
  28   2              displayNums[i--] = dataUnit;
  29   2          }
  30   1      
  31   1          for (i = 0; i <= 2; i++) {
  32   2              smgFuncs[i]();
  33   2              SMG = smgNum[displayNums[i]];
  34   2              delayNMs(4);
  35   2              SMG = smgNum[16];
  36   2          }
  37   1      }
  38          
  39          void main() {
  40   1          u8 sKeyRes = 0;
  41   1          u8 at24c02Addr = 0;
  42   1      
  43   1          at24c02Init();
  44   1          uartInit();
  45   1      
  46   1          while (1) {
  47   2              smgDisplay();
  48   2              sKeyRes = keyScan();
  49   2      
  50   2              switch (sKeyRes) {
  51   3              case S_KEY1_PRESSED:
  52   3                  if (at24c02WriteByte(at24c02Addr, displayData))
  53   3                      printf("AT24C02 write data failed!\r\n");
  54   3                  else
C51 COMPILER V9.60.7.0   MAIN                                                              10/08/2024 09:25:15 PAGE 2   

  55   3                      printf("AT24C02 write data success! data: %u\r\n", displayData);
  56   3                  break;
  57   3      
  58   3              case S_KEY2_PRESSED:
  59   3                  if ((displayData = at24c02ReadByte(at24c02Addr)) == 0) {
  60   4                      printf("read data failed!\r\n");
  61   4                  }
  62   3                  else {
  63   4                      printf("read data success! data: %u\r\n", displayData);
  64   4                  }
  65   3                  break;
  66   3      
  67   3              case S_KEY3_PRESSED:
  68   3                  if (displayData < 255)
  69   3                      displayData++;
  70   3      
  71   3                  printf("data + 1: %u\r\n", displayData);
  72   3                  break;
  73   3      
  74   3              case S_KEY4_PRESSED:
  75   3                  displayData = 0;
  76   3                  break;
  77   3              }
  78   2          }
  79   1      }


MODULE INFORMATION:   STATIC OVERLAYABLE
   CODE SIZE        =    209    ----
   CONSTANT SIZE    =    133    ----
   XDATA SIZE       =   ----    ----
   PDATA SIZE       =   ----    ----
   DATA SIZE        =      4       3
   IDATA SIZE       =   ----    ----
   BIT SIZE         =   ----    ----
END OF MODULE INFORMATION.


C51 COMPILATION COMPLETE.  0 WARNING(S),  0 ERROR(S)
