C51 COMPILER V9.60.7.0   UTIL                                                              10/08/2024 09:25:15 PAGE 1   


C51 COMPILER V9.60.7.0, COMPILATION OF MODULE UTIL
OBJECT MODULE PLACED IN .\Objects\util.obj
COMPILER INVOKED BY: C:\Keil_v5\C51\BIN\C51.EXE Utils\util.c OPTIMIZE(8,SPEED) BROWSE INCDIR(.\Apps;.\Utils) DEBUG OBJEC
                    -TEXTEND PRINT(.\Listings\util.lst) OBJECT(.\Objects\util.obj)

line level    source

   1          #include "util.h"
   2          #include "intrins.h"
   3          
   4          void delay10Us() {
   5   1              while (0)
   6   1                      ;
   7   1      }
   8          
   9          void delayMs() {
  10   1              u8 i, j;
  11   1      
  12   1              _nop_();
  13   1              i = 2;
  14   1              j = 199;
  15   1              do {
  16   2                      while (--j)
  17   2                              ;
  18   2              } while (--i);
  19   1      }
  20          
  21          void delayNMs(u16 n) {
  22   1              while (--n) 
  23   1                      delayMs();
  24   1      }


MODULE INFORMATION:   STATIC OVERLAYABLE
   CODE SIZE        =     30    ----
   CONSTANT SIZE    =   ----    ----
   XDATA SIZE       =   ----    ----
   PDATA SIZE       =   ----    ----
   DATA SIZE        =   ----    ----
   IDATA SIZE       =   ----    ----
   BIT SIZE         =   ----    ----
END OF MODULE INFORMATION.


C51 COMPILATION COMPLETE.  0 WARNING(S),  0 ERROR(S)
