C51 COMPILER V9.60.7.0   MAIN                                                              09/19/2024 19:53:37 PAGE 1   


C51 COMPILER V9.60.7.0, COMPILATION OF MODULE MAIN
OBJECT MODULE PLACED IN .\Objects\main.obj
COMPILER INVOKED BY: C:\Keil_v5\C51\BIN\C51.EXE main.c OPTIMIZE(8,SPEED) BROWSE DEBUG OBJECTEXTEND PRINT(.\Listings\main
                    -.lst) OBJECT(.\Objects\main.obj)

line level    source

   1          #include <reg52.h>
   2          #include <stdio.h>
   3          
   4          int main() {
   5   1              int i;
   6   1              for (i = 0; i < 10; i++) {
   7   2              }
   8   1      
   9   1              return 0;
  10   1      }


MODULE INFORMATION:   STATIC OVERLAYABLE
   CODE SIZE        =     18    ----
   CONSTANT SIZE    =   ----    ----
   XDATA SIZE       =   ----    ----
   PDATA SIZE       =   ----    ----
   DATA SIZE        =   ----    ----
   IDATA SIZE       =   ----    ----
   BIT SIZE         =   ----    ----
END OF MODULE INFORMATION.


C51 COMPILATION COMPLETE.  0 WARNING(S),  0 ERROR(S)
