C51 COMPILER V9.60.7.0   MAIN                                                              09/24/2024 11:41:57 PAGE 1   


C51 COMPILER V9.60.7.0, COMPILATION OF MODULE MAIN
OBJECT MODULE PLACED IN .\Objects\main.obj
COMPILER INVOKED BY: C:\Keil_v5\C51\BIN\C51.EXE main.c OPTIMIZE(8,SPEED) BROWSE DEBUG OBJECTEXTEND PRINT(.\Listings\main
                    -.lst) OBJECT(.\Objects\main.obj)

line level    source

   1          #include "reg52.h"
   2          #include "intrins.h"
   3          
   4          sbit MOTOR_IN = P1^0;
   5          
   6          void delayMs() {
   7   1              unsigned char i, j;
   8   1      
   9   1              _nop_();
  10   1              i = 2;
  11   1              j = 199;
  12   1              do {
  13   2                      while (--j)
  14   2                              ;
  15   2              } while (--i);
  16   1      }
  17          
  18          void delayNMs(unsigned int n) {
  19   1              while (--n)
  20   1                      delayMs();
  21   1      }
  22          
  23          void main() {
  24   1              MOTOR_IN = 1;
  25   1              delayNMs(5000);
  26   1              MOTOR_IN = 0;
  27   1              
  28   1              while(1);
  29   1              
  30   1      }


MODULE INFORMATION:   STATIC OVERLAYABLE
   CODE SIZE        =     42    ----
   CONSTANT SIZE    =   ----    ----
   XDATA SIZE       =   ----    ----
   PDATA SIZE       =   ----    ----
   DATA SIZE        =   ----    ----
   IDATA SIZE       =   ----    ----
   BIT SIZE         =   ----    ----
END OF MODULE INFORMATION.


C51 COMPILATION COMPLETE.  0 WARNING(S),  0 ERROR(S)
