C51 COMPILER V9.60.7.0   MAIN                                                              10/14/2024 11:15:03 PAGE 1   


C51 COMPILER V9.60.7.0, COMPILATION OF MODULE MAIN
OBJECT MODULE PLACED IN .\Objects\main.obj
COMPILER INVOKED BY: C:\Keil_v5\C51\BIN\C51.EXE Users\main.c OPTIMIZE(8,SPEED) BROWSE INCDIR(.\Utils;.\Apps) DEBUG OBJEC
                    -TEXTEND PRINT(.\Listings\main.lst) OBJECT(.\Objects\main.obj)

line level    source

   1          #include "reg52.h"
   2          #include "infrared.h"
   3          #include "smg.h"
   4          
   5          void main() {
   6   1          u8 u8code[8] = {0};
   7   1      
   8   1          IRD_Init();
   9   1          SMG_Init();
  10   1      
  11   1          while (1) {
  12   2              u8code[0] = smgNum[gIred_code[2] / 16];
  13   2              u8code[1] = smgNum[gIred_code[2] % 16];
  14   2              u8code[2] = smgNum[16];
  15   2              SMG_Display(u8code);
  16   2              delayMs();
  17   2          }
  18   1      }


MODULE INFORMATION:   STATIC OVERLAYABLE
   CODE SIZE        =     63    ----
   CONSTANT SIZE    =      8    ----
   XDATA SIZE       =   ----    ----
   PDATA SIZE       =   ----    ----
   DATA SIZE        =   ----       8
   IDATA SIZE       =   ----    ----
   BIT SIZE         =   ----    ----
END OF MODULE INFORMATION.


C51 COMPILATION COMPLETE.  0 WARNING(S),  0 ERROR(S)
