C51 COMPILER V9.60.7.0   MAIN                                                              09/26/2024 14:27:15 PAGE 1   


C51 COMPILER V9.60.7.0, COMPILATION OF MODULE MAIN
OBJECT MODULE PLACED IN .\Objects\main.obj
COMPILER INVOKED BY: C:\Keil_v5\C51\BIN\C51.EXE main.c OPTIMIZE(8,SPEED) BROWSE DEBUG OBJECTEXTEND PRINT(.\Listings\main
                    -.lst) OBJECT(.\Objects\main.obj)

line level    source

   1          #include <reg52.h>
   2          #include <intrins.h>
   3          
   4          typedef unsigned int u16;
   5          typedef unsigned char u8;
   6          typedef unsigned long u32;
   7          
   8          // LED 点阵 列引脚, 二极管阴极
   9          #define LED_DOT_COL P0
  10          
  11          // 数据输入引脚, 1bit
  12          sbit SER = P3 ^ 4;
  13          // 数据并行输出信号引脚
  14          sbit rCLK = P3 ^ 5;
  15          // 数据移位存储引脚
  16          sbit SRCLK = P3 ^ 6;
  17          
  18          void delay10Us() {
  19   1              while (0)
  20   1                      ;
  21   1      }
  22          
  23          void delayMs() {
  24   1              unsigned char data i, j;
  25   1      
  26   1              _nop_();
  27   1              i = 2;
  28   1              j = 199;
  29   1              do {
  30   2                      while (--j)
  31   2                              ;
  32   2              } while (--i);
  33   1      }
  34          
  35          void delayN10Us(unsigned int n) {
  36   1              while (--n)
  37   1                      delay10Us();
  38   1      }
  39          
  40          void delayNMs(u16 n) {
  41   1              while (--n)
  42   1                      delayMs();
  43   1      }
  44          
  45          #define SRCLK_UP_ONCE() \
  46                  {                   \
  47                          SRCLK = 0;      \
  48                          delay10Us();    \
  49                          SRCLK = 1;      \
  50                          delay10Us();    \
  51                          SRCLK = 0;      \
  52                  }
  53          
  54          #define rCLK_UP_ONCE() \
C51 COMPILER V9.60.7.0   MAIN                                                              09/26/2024 14:27:15 PAGE 2   

  55                  {                  \
  56                          rCLK = 0;      \
  57                          delay10Us();   \
  58                          rCLK = 1;      \
  59                          delay10Us();   \
  60                          rCLK = 0;      \
  61                  }
  62          
  63          // 参数 是需要经过 595 并行发送的数据
  64          void HC595SendByte(u8 u8data) {
  65   1              u8 i = 0;
  66   1              // 将u8data从高位到低位 依次写入595的移位寄存器
  67   1              for (i = 0; i < 8; i++) {
  68   2                      SER = u8data >> 7; // u8data最高位赋给SER引脚
  69   2                      u8data <<= 1;      // 更新u8data的最高位
  70   2      
  71   2                      // 控制SRCLK引脚, 将赋给SER的数据写入到移位寄存器中
  72   2                      SRCLK_UP_ONCE();
  73   2              }
  74   1      
  75   1              // 控制 rCLK引脚, 将移位寄存器数据拷贝到数据寄存器, 并 并行输出
  76   1              rCLK_UP_ONCE();
  77   1      }
  78          /*
  79          595输出的数据 是控制LED点阵 每行的电平的
  80          595中 数据寄存器 从高到低位 对应的引脚是                       而 LED点阵中, 从第1->8行 对应引脚
             -
  81          1-DPh                                                                             1-DPa
  82          2-DPg                                                                             2-DPb
  83          3-DPf                                                                             3-DPc
  84          4-DPe                                                                             4-DPd
  85          5-DPd                                                                             5-DPe
  86          6-DPc                                                                             6-DPf
  87          7-DPb                                                                             7-DPg
  88          8-DPa                                                                             8-DPh
  89          
  90          所以, 若需要实现 以 输入数据从高位到低位 控制 LED点阵的第1 到 第8行
  91          就需要, 先向595的移位寄存器中写入数据的高位数据
  92          */
  93          
  94          // 4个595串起来, 可以并行发送4字节数据
  95          // 通过拉高RCLK引脚, 可以将移位寄存器的数据, 通过SER引脚, 移位到后面的595中
  96          // 所以, 每拉高8次RCLK引脚, 就会有8bit数据被挤到后面的595中
  97          // 直到拉高32次RCLK引脚, 就可以将32位数据, 按顺序分配到4个595中
  98          // 然后 通过SRCLK将4个595中 移位寄存器的数据一起并行发送出去
  99          void HC595x4SendByte(u16 u16Rows, u16 u16Cols) {
 100   1              u8 i = 0;
 101   1              // 将u16Rows从高位到低位 依次写入595的移位寄存器
 102   1              for (i = 0; i < 16; i++) {
 103   2                      SER = u16Rows >> 15; // u16Rows最高位赋给SER引脚
 104   2                      u16Rows <<= 1;           // 更新u16Rows的最高位
 105   2      
 106   2                      // 控制SRCLK引脚, 将赋给SER的数据写入到移位寄存器中
 107   2                      SRCLK_UP_ONCE();
 108   2              }
 109   1      
 110   1              // 将u16Cols从高位到低位 依次写入595的移位寄存器
 111   1              for (i = 0; i < 16; i++) {
 112   2                      SER = u16Cols >> 15; // u16Cols最高位赋给SER引脚
 113   2                      u16Cols <<= 1;           // 更新u16Cols的最高位
 114   2      
 115   2                      // 控制SRCLK引脚, 将赋给SER的数据写入到移位寄存器中
C51 COMPILER V9.60.7.0   MAIN                                                              09/26/2024 14:27:15 PAGE 3   

 116   2                      SRCLK_UP_ONCE();
 117   2              }
 118   1      
 119   1              // 控制 rCLK引脚, 将4个595的移位寄存器数据拷贝到数据寄存器, 并 并行输出
 120   1              rCLK_UP_ONCE();
 121   1      }
 122          
 123          // 1 2 3 4 5 6 7 8 col
 124          u8 gU8LedCols[8] = {0x7F, 0xBF, 0xDF, 0xEF, 0xF7, 0xFB, 0xFD, 0xFE};
 125          // 1 2 3 4 5 6 7 8 row
 126          u8 gU8LedRows[8] = {0x80, 0x40, 0x20, 0x10, 0x08, 0x04, 0x02, 0x01};
 127          
 128          void ledRowCle() {
 129   1              char i = 0;
 130   1              LED_DOT_COL = 0xFF;
 131   1              LED_DOT_COL = 0x00;
 132   1              for (i = 0; i < 8; i++) {
 133   2                      HC595SendByte(gU8LedRows[i]);
 134   2                      delayNMs(100);
 135   2              }
 136   1              for (i = 7; i >= 0; i--) {
 137   2                      HC595SendByte(gU8LedRows[i]);
 138   2                      delayNMs(100);
 139   2              }
 140   1      }
 141          
 142          void ledColCle() {
 143   1              char i = 0;
 144   1              LED_DOT_COL = 0xFF;
 145   1              HC595SendByte(0xFF);
 146   1              for (i = 0; i < 8; i++) {
 147   2                      LED_DOT_COL = gU8LedCols[i];
 148   2                      delayNMs(100);
 149   2              }
 150   1              for (i = 7; i >= 0; i--) {
 151   2                      LED_DOT_COL = gU8LedCols[i];
 152   2                      delayNMs(100);
 153   2              }
 154   1      }
 155          
 156          void ledDiagonal() {
 157   1              char i = 0;
 158   1              char j = 7;
 159   1              LED_DOT_COL = 0xFF;
 160   1              HC595SendByte(0x00);
 161   1              for (i = 0, j = 7; i < 8, j >= 0; i++, j--) {
 162   2                      LED_DOT_COL = gU8LedCols[i];
 163   2                      HC595SendByte(gU8LedRows[i]);
 164   2                      delayN10Us(30);
 165   2                      HC595SendByte(gU8LedRows[j]);
 166   2                      delayN10Us(30);
 167   2                      LED_DOT_COL = 0xFF;
 168   2                      HC595SendByte(0x00);
 169   2                      delayMs();
 170   2              }
 171   1      }
 172          
 173          void ledDisplay(u8* u8Rows) {
 174   1              char i = 0;
 175   1              for (i = 0; i < 8; i++) {
 176   2                      HC595SendByte(0x00);             //消影
 177   2                      HC595SendByte(u8Rows[i]);        //LED行数据
C51 COMPILER V9.60.7.0   MAIN                                                              09/26/2024 14:27:15 PAGE 4   

 178   2                      LED_DOT_COL = gU8LedCols[i]; //LED列数据
 179   2                      delayNMs(3);                             //保持时间
 180   2              }
 181   1      }
 182          
 183          // 为能够 无缝循环显示, 需要将屏幕首帧需要显示的画面, 在结尾放一下
 184          // 即 数组中首8个元素, 需要在数组尾再放一遍
 185          void ledLeftScroll(const u8* array, const u8 size) {
 186   1              u8 i = 0;
 187   1              u8 ledOffset = 0; // led显示数数组的偏移量
 188   1              while (ledOffset < size - 7) {
 189   2                      for (i = 0; i < 5; i++) {
 190   3                              ledDisplay(array + ledOffset);
 191   3                      }
 192   2                      ledOffset++;
 193   2              }
 194   1      }
 195          
 196          void main() {
 197   1              // u8 u8SmallRows[] = {0x00, 0x30, 0x78, 0x3C, 0x3C, 0x78, 0x30, 0x00};
 198   1              // u8 u8HelloBig[] = {0x00, 0x7E, 0x7E, 0x18, 0x18, 0x7E, 0x7E, 0x00, 0x00, 0x7E, 0x7E, 0x5A, 0x5A, 0x5A,
             - 0x5A, 0x00, 0x00, 0x7E, 0x7E, 0x06, 0x06, 0x06, 0x06, 0x00, 0x00, 0x7E, 0x7E, 0x06, 0x06, 0x06, 0x06, 0x00,
 199   1              //                                 0x00, 0x7E, 0x7E, 0x42, 0x42, 0x7E, 0x7E, 0x00, 0x00, 0x00, 0x00, 0x00};
 200   1              u8 u8HelloSmall[] = {0x01, 0x7D, 0x11, 0x11, 0x7D, 0x01, 0x01, 0x7D, 0x55, 0x55, 0x55, 0x01, 0x01, 0x7D, 
             -0x05, 0x05,
 201   1                                                       0x05, 0x01, 0x01, 0x7D, 0x05, 0x05, 0x05, 0x01, 0x01, 0x7D, 0x45, 0x45, 0x7D, 0x01, 0x01, 0x7D, 0x1
             -1, 0x11, 0x7D, 0x01, 0x01};
 202   1      
 203   1              while (1) {
 204   2                      ledLeftScroll(u8HelloSmall, sizeof(u8HelloSmall) / sizeof(u8HelloSmall[0]));
 205   2              }
 206   1      }


MODULE INFORMATION:   STATIC OVERLAYABLE
   CODE SIZE        =    491    ----
   CONSTANT SIZE    =     37    ----
   XDATA SIZE       =   ----    ----
   PDATA SIZE       =   ----    ----
   DATA SIZE        =     16      49
   IDATA SIZE       =   ----    ----
   BIT SIZE         =   ----    ----
END OF MODULE INFORMATION.


C51 COMPILATION COMPLETE.  0 WARNING(S),  0 ERROR(S)
