C51 COMPILER V9.60.7.0   DS18B20                                                           10/12/2024 15:19:28 PAGE 1   


C51 COMPILER V9.60.7.0, COMPILATION OF MODULE DS18B20
OBJECT MODULE PLACED IN .\Objects\ds18b20.obj
COMPILER INVOKED BY: C:\Keil_v5\C51\BIN\C51.EXE Apps\ds18b20.c OPTIMIZE(8,SPEED) BROWSE INCDIR(.\Apps;.\Utils) DEBUG OBJ
                    -ECTEXTEND PRINT(.\Listings\ds18b20.lst) OBJECT(.\Objects\ds18b20.obj)

line level    source

   1          #include "ds18b20.h"
   2          #include "one_write.h"
   3          
   4          void ds18b20Init() {}
   5          
   6          void ds18b20ReadTemperature(u16* u16pdata) {
   7   1          u16 u16data = 0;
   8   1          oneWriteReset();
   9   1      
  10   1          oneWriteWriteByte(0xCC);
  11   1      
  12   1          oneWriteWriteByte(0x44);
  13   1      
  14   1          delayMs();
  15   1      
  16   1          oneWriteReset();
  17   1      
  18   1          oneWriteWriteByte(0xCC);
  19   1      
  20   1          oneWriteWriteByte(0xBE);
  21   1      
  22   1          *u16pdata = oneWriteReadByte();
  23   1          u16data = oneWriteReadByte();
  24   1          *u16pdata |= (u16data << 8);
  25   1      }


MODULE INFORMATION:   STATIC OVERLAYABLE
   CODE SIZE        =     86    ----
   CONSTANT SIZE    =   ----    ----
   XDATA SIZE       =   ----    ----
   PDATA SIZE       =   ----    ----
   DATA SIZE        =   ----       5
   IDATA SIZE       =   ----    ----
   BIT SIZE         =   ----    ----
END OF MODULE INFORMATION.


C51 COMPILATION COMPLETE.  0 WARNING(S),  0 ERROR(S)
