C51 COMPILER V9.60.7.0   MAIN                                                              10/12/2024 15:19:28 PAGE 1   


C51 COMPILER V9.60.7.0, COMPILATION OF MODULE MAIN
OBJECT MODULE PLACED IN .\Objects\main.obj
COMPILER INVOKED BY: C:\Keil_v5\C51\BIN\C51.EXE Users\main.c OPTIMIZE(8,SPEED) BROWSE INCDIR(.\Apps;.\Utils) DEBUG OBJEC
                    -TEXTEND PRINT(.\Listings\main.lst) OBJECT(.\Objects\main.obj)

line level    source

   1          #include "reg52.h"
   2          #include "smg.h"
   3          #include "ds18b20.h"
   4          #include "util.h"
   5          
   6          void temperatureDisplay(float temperature, u8 negFlag) {
   7   1          u16 tempInt = (u16)(temperature *= 10);
   8   1          u8 mod = 0;
   9   1          u8 smgCode[3] = {0};
  10   1      
  11   1          char cnt = 2;
  12   1          while (tempInt) {
  13   2              mod = tempInt % 10;
  14   2              tempInt /= 10;
  15   2              smgCode[cnt--] = mod;
  16   2          }
  17   1      
  18   1          cnt = 0;
  19   1          for (cnt = 0; cnt < 3; cnt++) {
  20   2              if (negFlag) {
  21   3                  smgFuncs[0](); // 负数选择
  22   3                  SMG = 0x40;    // G
  23   3                  delayNMs(2);
  24   3                  SMG = 0x00;
  25   3              }
  26   2      
  27   2              smgFuncs[cnt + 1]();
  28   2              SMG = smgNum[smgCode[cnt]];
  29   2              delayNMs(2);
  30   2              SMG = 0x00;
  31   2      
  32   2              if (cnt == 1) {
  33   3                  smgFuncs[cnt + 1]();
  34   3                  SMG = smgNum[17];
  35   3                  delayNMs(2);
  36   3                  SMG = 0x00;
  37   3              }
  38   2          }
  39   1      }
  40          
  41          void main() {
  42   1          u16 u16data = 0; // 接收 ds18b20 获取的值
  43   1          u8 negFlag = 0;
  44   1          float temperature = 0.0;
  45   1      
  46   1          smgInit();
  47   1          ds18b20Init();
  48   1      
  49   1          while (1) {
  50   2              ds18b20ReadTemperature(&u16data);
  51   2      
  52   2              // 温度负数修正
  53   2              if (u16data & 0xF800) {
  54   3                  u16data = (~u16data) + 1;
C51 COMPILER V9.60.7.0   MAIN                                                              10/12/2024 15:19:28 PAGE 2   

  55   3                  negFlag = 1;
  56   3              }
  57   2      
  58   2              temperature = u16data * 0.0625;
  59   2      
  60   2              temperatureDisplay(temperature, negFlag);
  61   2      
  62   2              negFlag = 0;
  63   2          }
  64   1      }


MODULE INFORMATION:   STATIC OVERLAYABLE
   CODE SIZE        =    310    ----
   CONSTANT SIZE    =      3    ----
   XDATA SIZE       =   ----    ----
   PDATA SIZE       =   ----    ----
   DATA SIZE        =   ----      19
   IDATA SIZE       =   ----    ----
   BIT SIZE         =   ----    ----
END OF MODULE INFORMATION.


C51 COMPILATION COMPLETE.  0 WARNING(S),  0 ERROR(S)
