C51 COMPILER V9.60.7.0   MAIN                                                              10/14/2024 16:07:49 PAGE 1   


C51 COMPILER V9.60.7.0, COMPILATION OF MODULE MAIN
OBJECT MODULE PLACED IN .\Objects\main.obj
COMPILER INVOKED BY: C:\Keil_v5\C51\BIN\C51.EXE Users\main.c OPTIMIZE(8,SPEED) BROWSE INCDIR(.\Utils;.\Apps) DEBUG OBJEC
                    -TEXTEND PRINT(.\Listings\main.lst) OBJECT(.\Objects\main.obj)

line level    source

   1          /*
   2          K1: åˆ‡æ¢æ˜¾ç¤ºå†…å®¹, æ—¶é—´, æ—¥æœŸ, æ¸©åº¦
   3          K3: é‡æ–°è®¾ç½®æ—¶é—´
   4          K4: è®¾ç½®é—¹é’Ÿ
   5          
   6          è®¾ç½®é—¹é’Ÿæˆ–æ—¶é—´æ—¶
   7          K1 ç¡®è®¤
   8          K2 +
   9          K3 -
  10          */
  11          #include "reg52.h"
  12          #include "util.h"
  13          #include "ds1302.h"
  14          #include "ds18b20.h"
  15          #include "beep.h"
  16          #include "smg.h"
  17          #include "skey.h"
  18          
  19          extern smgSelFunc smgFuncs[];
  20          
  21          extern u8 gDS1302_Time[7];
  22          
  23          u8 alarmSecond = 0; // ç”¨äºé—¹é’Ÿç§’è®¡æ—¶, æœ€å¤§60
  24          u8 alarmMinite = 0; // ç”¨äºé—¹é’Ÿåˆ†é’Ÿè®¡æ—¶, æœ€å¤§60
  25          u8 alarmHour = 0;   // ç”¨äºé—¹é’Ÿå°æ—¶è®¡æ—¶, æœ€å¤§23
  26          u8 alarmSet = 0;
  27          
  28          u8 setHour = 0;   // ç”¨äºå°æ—¶è®¾ç½®, æœ€å¤§23
  29          u8 setMinite = 0; // ç”¨äºåˆ†é’Ÿè®¾ç½®, æœ€å¤§59
  30          u8 setSecond = 0; // ç”¨äºç§’è®¾ç½®, æœ€å¤§59
  31          u8 setYear = 20;  // ç”¨äºå¹´è®¾ç½®, åˆå§‹ä¸º20
  32          u8 setMonth = 1;  // ç”¨äºæœˆè®¾ç½®, æœ€å¤§ä¸º12
  33          u8 setDay = 1;    // ç”¨äºæ—¥è®¾ç½®, æœ€å¤§ä¸º31
  34          
  35          void Alarm_Beep();
  36          void Alarm_Set();
  37          void Date_Set();
  38          void Time_SMG_Display();
  39          void Date_SMG_Display();
  40          void Temp_Calculate(u16* u16data, float* temperature, u8* negFlag);
  41          void Temp_SMG_Display(float temp, u8 neg);
  42          
  43          void main() {
  44   1          u16 u16tempData = 0; // æ¥æ”¶ ds18b20 è·å–çš„å€¼
  45   1          u8 negFlag = 0;
  46   1          float temperature = 0.0;
  47   1          u8 keyRes = 0;
  48   1          u8 displayFlag = 0; // 0 1 2, 0æ˜¾ç¤ºæ—¶é—´, 1æ˜¾ç¤ºæ—¥æœŸ, 2æ˜¾ç¤ºæ¸©åº¦
  49   1      
  50   1          BEEP_Init();    // èœ‚é¸£å™¨åˆå§‹åŒ–
  51   1          SMG_Init();     //
  52   1          SKEY_Init();    // ç‹¬ç«‹æŒ‰é”®åˆå§‹åŒ–
  53   1          DS1302_Init();  //
  54   1          DS18B20_Init(); // DS18B20 æ¸©åº¦ä¼ æ„Ÿå™¨åˆå§‹åŒ–
C51 COMPILER V9.60.7.0   MAIN                                                              10/14/2024 16:07:49 PAGE 2   

  55   1      
  56   1          while (1) {
  57   2              keyRes = SKEY_Scan();
  58   2              switch (keyRes) {
  59   3              case SKEY1_PRESSED: // æ˜¾ç¤ºåˆ‡æ¢
  60   3                  displayFlag++;
  61   3                  break;
  62   3      
  63   3              case SKEY3_PRESSED: // æ—¥æœŸè®¾ç½®, æ—¥æœŸä¸å¸¦ç‚¹, æ—¶é—´å¸¦ç‚¹
  64   3                  Date_Set();     // æ—¥æœŸè®¾ç½®å‡½æ•°
  65   3                  DS1302_Init();  // å†æ¬¡åˆå§‹åŒ–
  66   3                  break;
  67   3      
  68   3              case SKEY4_PRESSED: // é—¹é’Ÿè®¾ç½®
  69   3                  Alarm_Set();    // é—¹é’Ÿè®¾ç½®
  70   3                  break;
  71   3              }
  72   2      
  73   2              DS1302_GetTime(); // è·å–æ—¶é—´
  74   2      
  75   2              DS18B20_ReadTemperature(&u16tempData);                // è¯»å– 16ä½æ¸©åº¦é‡
  76   2              Temp_Calculate(&u16tempData, &temperature, &negFlag); // è®¡ç®—å…·ä½“æ¸©åº¦
  77   2      
  78   2              displayFlag %= 3;
  79   2      
  80   2              switch (displayFlag) {
  81   3              case 0:
  82   3                  Time_SMG_Display();
  83   3                  break;
  84   3      
  85   3              case 1:
  86   3                  Date_SMG_Display();
  87   3                  break;
  88   3      
  89   3              case 2:
  90   3                  Temp_SMG_Display(temperature, negFlag);
  91   3                  negFlag = 0;
  92   3                  break;
  93   3              }
  94   2              Alarm_Beep(); // åˆ¤æ–­é—¹é’Ÿæ˜¯å¦åˆ°æ—¶
  95   2          }
  96   1      }
  97          
  98          // æ¸©åº¦æ˜¾ç¤ºå‡½æ•°
  99          void Temp_SMG_Display(float temp, u8 neg) {
 100   1          u16 tempInt = (u16)(temp *= 10);
 101   1          u8 mod = 0;
 102   1          u8 smgCode[5] = {0};
 103   1          char cnt = 3;
 104   1      
 105   1          if (neg)
 106   1              smgCode[0] = 18;
 107   1          else
 108   1              smgCode[0] = 17;
 109   1      
 110   1          while (tempInt) {
 111   2              mod = tempInt % 10;
 112   2              tempInt /= 10;
 113   2              smgCode[cnt--] = mod;
 114   2          }
 115   1          // C
 116   1          smgCode[4] = 12;
C51 COMPILER V9.60.7.0   MAIN                                                              10/14/2024 16:07:49 PAGE 3   

 117   1      
 118   1          SMG_Display(smgCode, smgCode + 4);
 119   1      
 120   1          // ç‚¹
 121   1          smgFuncs[2]();
 122   1          SMG = smgNum[16];
 123   1          delayMs();
 124   1          SMG = 0x00;
 125   1      }
 126          
 127          // æ—¥æœŸæ˜¾ç¤ºå‡½æ•°, å¹´æœˆæ—¥
 128          void Date_SMG_Display() {
 129   1          u8 smgCode[8] = {0};
 130   1      
 131   1          // å¹´
 132   1          smgCode[0] = gDS1302_Time[6] / 16;
 133   1          smgCode[1] = gDS1302_Time[6] % 16;
 134   1          smgCode[2] = 18;
 135   1          // æœˆ
 136   1          smgCode[3] = gDS1302_Time[4] / 16;
 137   1          smgCode[4] = gDS1302_Time[4] % 16;
 138   1          smgCode[5] = 18;
 139   1          // æ—¥
 140   1          smgCode[6] = gDS1302_Time[3] / 16;
 141   1          smgCode[7] = gDS1302_Time[3] % 16;
 142   1      
 143   1          SMG_Display(smgCode, smgCode + 7);
 144   1      }
 145          
 146          // æ—¶é—´æ˜¾ç¤ºå‡½æ•°
 147          void Time_SMG_Display() {
 148   1          u8 smgCode[8] = {0};
 149   1      
 150   1          // æ—¶
 151   1          smgCode[0] = gDS1302_Time[2] / 16;
 152   1          smgCode[1] = gDS1302_Time[2] % 16;
 153   1          smgCode[2] = 18;
 154   1          // åˆ†
 155   1          smgCode[3] = gDS1302_Time[1] / 16;
 156   1          smgCode[4] = gDS1302_Time[1] % 16;
 157   1          smgCode[5] = 18;
 158   1          // ç§’
 159   1          smgCode[6] = gDS1302_Time[0] / 16;
 160   1          smgCode[7] = gDS1302_Time[0] % 16;
 161   1      
 162   1          SMG_Display(smgCode, smgCode + 7);
 163   1      }
 164          
 165          // é—¹é’Ÿåˆ¤æ–­
 166          void Alarm_Beep() {
 167   1          if (alarmSet && gDS1302_Time[0] == alarmSecond && gDS1302_Time[1] == alarmMinite && gDS1302_Time[2] ==
             - alarmHour) {
 168   2              alarmSet = 0;
 169   2              BEEP_On(2);
 170   2          }
 171   1      }
 172          
 173          // æœ¬é—¹é’Ÿæ€è·¯, ä¸é‡‡ç”¨å®šæ—¶å™¨, è€Œæ˜¯ ä¸DS1302è¯»å–æ•°æ®åšå¯¹æ¯”
 174          // é‡‡ç”¨å®šæ—¶å™¨ä¹Ÿå¯ä»¥, å¯ä»¥å°†å®šæ—¶çš„æ—¶é—´å‡è½¬æ¢ä¸ºç§’, è®¾å®šå®šæ—¶å™¨æ—¶é—´
 175          // æ•°ç ç®¡ ä½æ•°æœ‰é™, æ‰€ä»¥ ä»¥é—ªçƒä½œä¸ºæç¤º, è¡¨ç¤ºå½“å‰ä¿®æ”¹çš„æ•°æ®ä¸º: æ—¶ æˆ– åˆ† æˆ– ç
             -§’
 176          void Alarm_Set() {
C51 COMPILER V9.60.7.0   MAIN                                                              10/14/2024 16:07:49 PAGE 4   

 177   1          u8 keyRes = 0;         // è®°å½•æŒ‰é”®æ‰«æè¿”å›å€¼
 178   1          u8 confirmFlag = 0;    // è®°å½•ç¡®è®¤
 179   1          u8 alarmSecondCnt = 0; // ç”¨äºé—¹é’Ÿç§’è®¡æ—¶, æœ€å¤§59
 180   1          u8 alarmMiniteCnt = 0; // ç”¨äºé—¹é’Ÿåˆ†é’Ÿè®¡æ—¶, æœ€å¤§59
 181   1          u8 alarmHourCnt = 0;   // ç”¨äºé—¹é’Ÿå°æ—¶è®¡æ—¶, æœ€å¤§23
 182   1          u8 smgCode[8] = {0};
 183   1          char j = 0;
 184   1      
 185   1          u8 i = 0;
 186   1          // i: 0ç§’ 1åˆ† 2æ—¶
 187   1          for (i = 0; i < 3; i++) {
 188   2              while (!confirmFlag) {
 189   3                  smgCode[0] = alarmHourCnt / 10;
 190   3                  smgCode[1] = alarmHourCnt % 10;
 191   3                  smgCode[2] = 18;
 192   3                  smgCode[3] = alarmMiniteCnt / 10;
 193   3                  smgCode[4] = alarmMiniteCnt % 10;
 194   3                  smgCode[5] = 18;
 195   3                  smgCode[6] = alarmSecondCnt / 10;
 196   3                  smgCode[7] = alarmSecondCnt % 10;
 197   3      
 198   3                  if (i == 0) {
 199   4                      // ç§’
 200   4                      j = 7;
 201   4                      while (j--)
 202   4                          SMG_Display(smgCode, smgCode + 7);
 203   4                      // ç§’é—ªçƒ
 204   4                      smgCode[6] = 17;
 205   4                      smgCode[7] = 17;
 206   4                      j = 7;
 207   4                      while (j--)
 208   4                          SMG_Display(smgCode, smgCode + 7);
 209   4                  }
 210   3                  else if (i == 1) {
 211   4                      // åˆ†
 212   4                      j = 7;
 213   4                      while (j--)
 214   4                          SMG_Display(smgCode, smgCode + 7);
 215   4                      // åˆ†é—ªçƒ
 216   4                      smgCode[3] = 17;
 217   4                      smgCode[4] = 17;
 218   4                      j = 7;
 219   4                      while (j--)
 220   4                          SMG_Display(smgCode, smgCode + 7);
 221   4                  }
 222   3                  else {
 223   4                      // æ—¶
 224   4                      j = 7;
 225   4                      while (j--)
 226   4                          SMG_Display(smgCode, smgCode + 7);
 227   4                      // æ—¶é—ªçƒ
 228   4                      smgCode[0] = 17;
 229   4                      smgCode[1] = 17;
 230   4                      j = 7;
 231   4                      while (j--)
 232   4                          SMG_Display(smgCode, smgCode + 7);
 233   4                  }
 234   3      
 235   3                  keyRes = SKEY_Scan();
 236   3                  switch (keyRes) {
 237   4                  case SKEY1_PRESSED:
 238   4                      confirmFlag = 1;
C51 COMPILER V9.60.7.0   MAIN                                                              10/14/2024 16:07:49 PAGE 5   

 239   4                      break;
 240   4      
 241   4                  case SKEY2_PRESSED:
 242   4                      if (i == 0) {
 243   5                          if (alarmSecondCnt < 59)
 244   5                              alarmSecondCnt++;
 245   5                      }
 246   4                      else if (i == 1) {
 247   5                          if (alarmMiniteCnt < 59)
 248   5                              alarmMiniteCnt++;
 249   5                      }
 250   4                      else {
 251   5                          if (alarmHourCnt < 59)
 252   5                              alarmHourCnt++;
 253   5                      }
 254   4                      break;
 255   4      
 256   4                  case SKEY3_PRESSED:
 257   4                      if (i == 0) {
 258   5                          if (alarmSecondCnt > 0)
 259   5                              alarmSecondCnt--;
 260   5                      }
 261   4                      else if (i == 1) {
 262   5                          if (alarmMiniteCnt > 0)
 263   5                              alarmMiniteCnt--;
 264   5                      }
 265   4                      else {
 266   5                          if (alarmHourCnt > 0)
 267   5                              alarmHourCnt--;
 268   5                      }
 269   4                      break;
 270   4                  }
 271   3              }
 272   2              confirmFlag = 0;
 273   2          }
 274   1      
 275   1          // å·²è®¾ç½®é—¹é’Ÿ
 276   1          alarmSet = 1;
 277   1      
 278   1          // æç¤ºé—¹é’Ÿè®¾ç½®å®Œæˆ
 279   1          DS1302_GetTime(); // è·å–å½“å‰æ—¶é—´
 280   1          alarmHour = (gDS1302_Time[2] >> 4) * 10 + (gDS1302_Time[2] & 0x0F);
 281   1          alarmMinite = (gDS1302_Time[1] >> 4) * 10 + (gDS1302_Time[1] & 0x0F);
 282   1          alarmSecond = (gDS1302_Time[0] >> 4) * 10 + (gDS1302_Time[0] & 0x0F);
 283   1      
 284   1          // è®¡ç®—é—¹é’Ÿç»“æŸæ—¶é—´
 285   1          alarmHour += alarmHourCnt;
 286   1          alarmMinite += alarmMiniteCnt;
 287   1          alarmSecond += alarmSecondCnt;
 288   1      
 289   1          // è¿›ä½ ä¿®æ­£é—¹é’Ÿç»“æŸæ—¶é—´
 290   1          alarmMinite += alarmSecond / 60;
 291   1          alarmSecond %= 60;
 292   1          alarmHour += alarmMinite / 60;
 293   1          alarmMinite %= 60;
 294   1          alarmHour %= 24;
 295   1      
 296   1          // åè¿›åˆ¶è½¬BCD, æ–¹ä¾¿åé¢ä¸ ds1302è·å–æ—¶é—´åšå¯¹æ¯”
 297   1          alarmMinite = ((alarmMinite / 10) << 4) + (alarmMinite % 10);
 298   1          alarmHour = ((alarmHour / 10) << 4) + (alarmHour % 10);
 299   1          alarmSecond = ((alarmSecond / 10) << 4) + (alarmSecond % 10);
 300   1      }
C51 COMPILER V9.60.7.0   MAIN                                                              10/14/2024 16:07:49 PAGE 6   

 301          
 302          void Date_Set() {
 303   1          u8 keyRes = 0; // è®°å½•æŒ‰é”®æ‰«æè¿”å›å€¼, ç”¨äºè®°å½•æ•°æ®ä½ç½®
 304   1          u8 smgCode[8] = {0};
 305   1          u8 j = 0;
 306   1          u8 i = 0;
 307   1          // i: 0(å¹´) 1(æœˆ) 2(æ—¥) 3(æ—¶) 4(åˆ†) 5(ç§’)
 308   1          // æ—¶åˆ†ç§’è¦å¸¦ ç‚¹, ä¾¿äºåŒºåˆ† æ˜¯ æ—¶åˆ†ç§’ è¿˜æ˜¯ å¹´æœˆæ—¥
 309   1          while (i < 6) {
 310   2              if (i < 3) {
 311   3                  smgCode[0] = setYear / 10;
 312   3                  smgCode[1] = setYear % 10;
 313   3                  smgCode[2] = 18;
 314   3                  smgCode[3] = setMonth / 10;
 315   3                  smgCode[4] = setMonth % 10;
 316   3                  smgCode[5] = 18;
 317   3                  smgCode[6] = setDay / 10;
 318   3                  smgCode[7] = setDay % 10;
 319   3      
 320   3                  if (i == 0) {
 321   4                      // å¹´
 322   4                      j = 7;
 323   4                      while (j--)
 324   4                          SMG_Display(smgCode, smgCode + 7);
 325   4                      // å¹´é—ªçƒ
 326   4                      smgCode[0] = 17;
 327   4                      smgCode[1] = 17;
 328   4                      j = 7;
 329   4                      while (j--)
 330   4                          SMG_Display(smgCode, smgCode + 7);
 331   4                  }
 332   3                  else if (i == 1) {
 333   4                      // æœˆ
 334   4                      j = 7;
 335   4                      while (j--)
 336   4                          SMG_Display(smgCode, smgCode + 7);
 337   4                      // æœˆé—ªçƒ
 338   4                      smgCode[3] = 17;
 339   4                      smgCode[4] = 17;
 340   4                      j = 7;
 341   4                      while (j--)
 342   4                          SMG_Display(smgCode, smgCode + 7);
 343   4                  }
 344   3                  else {
 345   4                      // æ—¥
 346   4                      j = 7;
 347   4                      while (j--)
 348   4                          SMG_Display(smgCode, smgCode + 7);
 349   4                      // æ—¥é—ªçƒ
 350   4                      smgCode[6] = 17;
 351   4                      smgCode[7] = 17;
 352   4                      j = 7;
 353   4                      while (j--)
 354   4                          SMG_Display(smgCode, smgCode + 7);
 355   4                  }
 356   3              }
 357   2              else {
 358   3                  smgCode[0] = setHour / 10;
 359   3                  smgCode[1] = setHour % 10;
 360   3                  smgCode[2] = 18;
 361   3                  smgCode[3] = setMinite / 10;
 362   3                  smgCode[4] = setMinite % 10;
C51 COMPILER V9.60.7.0   MAIN                                                              10/14/2024 16:07:49 PAGE 7   

 363   3                  smgCode[5] = 18;
 364   3                  smgCode[6] = setSecond / 10;
 365   3                  smgCode[7] = setSecond % 10;
 366   3      
 367   3                  if (i == 3) {
 368   4                      // ç§’
 369   4                      j = 7;
 370   4                      while (j--) {
 371   5                          SMG_Display(smgCode, smgCode + 7);
 372   5                          // ç‚¹
 373   5                          smgFuncs[2]();
 374   5                          SMG = smgNum[16];
 375   5                          delayMs();
 376   5                          SMG = 0x00;
 377   5                          smgFuncs[5]();
 378   5                          SMG = smgNum[16];
 379   5                          delayMs();
 380   5                          SMG = 0x00;
 381   5                      }
 382   4                      // ç§’é—ªçƒ
 383   4                      smgCode[0] = 17;
 384   4                      smgCode[1] = 17;
 385   4                      j = 7;
 386   4                      while (j--) {
 387   5                          SMG_Display(smgCode, smgCode + 7);
 388   5                          // ç‚¹
 389   5                          smgFuncs[2]();
 390   5                          SMG = smgNum[16];
 391   5                          delayMs();
 392   5                          SMG = 0x00;
 393   5                          smgFuncs[5]();
 394   5                          SMG = smgNum[16];
 395   5                          delayMs();
 396   5                          SMG = 0x00;
 397   5                      }
 398   4                  }
 399   3                  else if (i == 4) {
 400   4                      // åˆ†
 401   4                      j = 7;
 402   4                      while (j--) {
 403   5                          SMG_Display(smgCode, smgCode + 7);
 404   5                          // ç‚¹
 405   5                          smgFuncs[2]();
 406   5                          SMG = smgNum[16];
 407   5                          delayMs();
 408   5                          SMG = 0x00;
 409   5                          smgFuncs[5]();
 410   5                          SMG = smgNum[16];
 411   5                          delayMs();
 412   5                          SMG = 0x00;
 413   5                      }
 414   4                      // åˆ†é—ªçƒ
 415   4                      smgCode[3] = 17;
 416   4                      smgCode[4] = 17;
 417   4                      j = 7;
 418   4                      while (j--) {
 419   5                          SMG_Display(smgCode, smgCode + 7);
 420   5                          // ç‚¹
 421   5                          smgFuncs[2]();
 422   5                          SMG = smgNum[16];
 423   5                          delayMs();
 424   5                          SMG = 0x00;
C51 COMPILER V9.60.7.0   MAIN                                                              10/14/2024 16:07:49 PAGE 8   

 425   5                          smgFuncs[5]();
 426   5                          SMG = smgNum[16];
 427   5                          delayMs();
 428   5                          SMG = 0x00;
 429   5                      }
 430   4                  }
 431   3                  else {
 432   4                      // æ—¶
 433   4                      j = 7;
 434   4                      while (j--) {
 435   5                          SMG_Display(smgCode, smgCode + 7);
 436   5                          // ç‚¹
 437   5                          smgFuncs[2]();
 438   5                          SMG = smgNum[16];
 439   5                          delayMs();
 440   5                          SMG = 0x00;
 441   5                          smgFuncs[5]();
 442   5                          SMG = smgNum[16];
 443   5                          delayMs();
 444   5                          SMG = 0x00;
 445   5                      }
 446   4                      // æ—¶é—ªçƒ
 447   4                      smgCode[6] = 17;
 448   4                      smgCode[7] = 17;
 449   4                      j = 7;
 450   4                      while (j--) {
 451   5                          SMG_Display(smgCode, smgCode + 7);
 452   5                          // ç‚¹
 453   5                          smgFuncs[2]();
 454   5                          SMG = smgNum[16];
 455   5                          delayMs();
 456   5                          SMG = 0x00;
 457   5                          smgFuncs[5]();
 458   5                          SMG = smgNum[16];
 459   5                          delayMs();
 460   5                          SMG = 0x00;
 461   5                      }
 462   4                  }
 463   3              }
 464   2      
 465   2              // æŒ‰é”®æ‰«æ
 466   2              keyRes = SKEY_Scan();
 467   2              switch (keyRes) {
 468   3              case SKEY1_PRESSED:
 469   3                  i++;
 470   3                  break;
 471   3      
 472   3              case SKEY2_PRESSED:
 473   3                  if (i == 0) {
 474   4                      if (setYear < 99)
 475   4                          setYear++;
 476   4                  }
 477   3                  else if (i == 1) {
 478   4                      if (setMonth < 12)
 479   4                          setMonth++;
 480   4                  }
 481   3                  else if (i == 2) {
 482   4                      if (setDay < 31)
 483   4                          setDay++;
 484   4                  }
 485   3                  else if (i == 3) {
 486   4                      if (setHour < 23)
C51 COMPILER V9.60.7.0   MAIN                                                              10/14/2024 16:07:49 PAGE 9   

 487   4                          setHour++;
 488   4                  }
 489   3                  else if (i == 4) {
 490   4                      if (setMinite < 59)
 491   4                          setMinite++;
 492   4                  }
 493   3                  else {
 494   4                      if (setSecond < 59)
 495   4                          setSecond++;
 496   4                  }
 497   3      
 498   3                  break;
 499   3      
 500   3              case SKEY3_PRESSED:
 501   3                  if (i == 0) {
 502   4                      if (setYear > 20)
 503   4                          setYear--;
 504   4                  }
 505   3                  else if (i == 1) {
 506   4                      if (setMonth > 1)
 507   4                          setMonth--;
 508   4                  }
 509   3                  else if (i == 2) {
 510   4                      if (setDay > 1)
 511   4                          setDay--;
 512   4                  }
 513   3                  else if (i == 3) {
 514   4                      if (setHour > 0)
 515   4                          setHour--;
 516   4                  }
 517   3                  else if (i == 4) {
 518   4                      if (setMinite > 0)
 519   4                          setMinite--;
 520   4                  }
 521   3                  else {
 522   4                      if (setSecond > 0)
 523   4                          setSecond--;
 524   4                  }
 525   3                  break;
 526   3      
 527   3              default:
 528   3                  break;
 529   3              }
 530   2          }
 531   1      
 532   1          // ds1302èµ‹åˆå€¼
 533   1          gDS1302_Time[0] = ((setSecond / 10) << 4) + (setSecond % 10); // ç§’
 534   1          gDS1302_Time[1] = ((setMinite / 10) << 4) + (setMinite % 10); // åˆ†
 535   1          gDS1302_Time[2] = ((setHour / 10) << 4) + (setHour % 10);     // æ—¶
 536   1          gDS1302_Time[3] = ((setDay / 10) << 4) + (setDay % 10);       // æ—¥
 537   1          gDS1302_Time[4] = ((setMonth / 10) << 4) + (setMonth % 10);   // æœˆ
 538   1          gDS1302_Time[6] = ((setYear / 10) << 4) + (setYear % 10);     // å¹´
 539   1      }
 540          
 541          // æ¸©åº¦è®¡ç®—
 542          void Temp_Calculate(u16* u16data, float* temperature, u8* negFlag) {
 543   1          // æ¸©åº¦è´Ÿæ•°ä¿®æ­£
 544   1          if ((*u16data) & 0xF800) {
 545   2              *u16data = (~(*u16data)) + 1;
 546   2              *negFlag = 1;
 547   2          }
 548   1      
C51 COMPILER V9.60.7.0   MAIN                                                              10/14/2024 16:07:49 PAGE 10  

 549   1          *temperature = (*u16data) * 0.0625;
 550   1      }


MODULE INFORMATION:   STATIC OVERLAYABLE
   CODE SIZE        =   2400    ----
   CONSTANT SIZE    =     37    ----
   XDATA SIZE       =   ----    ----
   PDATA SIZE       =   ----    ----
   DATA SIZE        =     10      73
   IDATA SIZE       =   ----    ----
   BIT SIZE         =   ----    ----
END OF MODULE INFORMATION.


C51 COMPILATION COMPLETE.  0 WARNING(S),  0 ERROR(S)
