C51 COMPILER V9.60.7.0   SMG                                                               10/14/2024 16:07:49 PAGE 1   


C51 COMPILER V9.60.7.0, COMPILATION OF MODULE SMG
OBJECT MODULE PLACED IN .\Objects\smg.obj
COMPILER INVOKED BY: C:\Keil_v5\C51\BIN\C51.EXE Apps\smg.c OPTIMIZE(8,SPEED) BROWSE INCDIR(.\Utils;.\Apps) DEBUG OBJECTE
                    -XTEND PRINT(.\Listings\smg.lst) OBJECT(.\Objects\smg.obj)

line level    source

   1          #include "smg.h"
   2          #include "reg52.h"
   3          
   4          // 3->8译码器的三个引脚
   5          // 板子上 右边数码管的是较小值
   6          sbit SMG_22 = P2 ^ 2;
   7          sbit SMG_23 = P2 ^ 3;
   8          sbit SMG_24 = P2 ^ 4;
   9          
  10          // 数码管选择函数 数组
  11          smgSelFunc smgFuncs[] = {SMG1, SMG2, SMG3, SMG4, SMG5, SMG6, SMG7, SMG8};
  12          
  13          // 板子使用 共阴数码管, 各引脚给高电平点亮边
  14          // a b c d e f g dp  低->高
  15          // dp g f e d c b a
  16          // 0 1 2 3 4 5 6 7 8 9 A B C D E F . 空 -
  17          unsigned char smgNum[] = {0x3F, 0x06, 0x5B, 0x4F, 0x66, 0x6D, 0x7D, 0x07, 0x7F, 0x6F, 0x77, 0x7C, 0x39, 0x
             -5E, 0x79, 0x71, 0x80, 0x00, 0x40};
  18          
  19          void SMG_Init() {}
  20          
  21          void SMG_Display(const u8* smgCode, const u8* end) {
  22   1          u8* cur = smgCode;
  23   1      
  24   1          while (cur <= end) {
  25   2              smgFuncs[cur - smgCode]();
  26   2              SMG = smgNum[*cur];
  27   2              delayMs();
  28   2              SMG = 0x00;
  29   2              cur++;
  30   2          }
  31   1      }
  32          
  33          // 8个 1位数码管选择函数
  34          void SMG1() {
  35   1          SMG_24 = 1;
  36   1          SMG_23 = 1;
  37   1          SMG_22 = 1;
  38   1      }
  39          void SMG2() {
  40   1          SMG_24 = 1;
  41   1          SMG_23 = 1;
  42   1          SMG_22 = 0;
  43   1      }
  44          void SMG3() {
  45   1          SMG_24 = 1;
  46   1          SMG_23 = 0;
  47   1          SMG_22 = 1;
  48   1      }
  49          void SMG4() {
  50   1          SMG_24 = 1;
  51   1          SMG_23 = 0;
  52   1          SMG_22 = 0;
  53   1      }
C51 COMPILER V9.60.7.0   SMG                                                               10/14/2024 16:07:49 PAGE 2   

  54          void SMG5() {
  55   1          SMG_24 = 0;
  56   1          SMG_23 = 1;
  57   1          SMG_22 = 1;
  58   1      }
  59          void SMG6() {
  60   1          SMG_24 = 0;
  61   1          SMG_23 = 1;
  62   1          SMG_22 = 0;
  63   1      }
  64          void SMG7() {
  65   1          SMG_24 = 0;
  66   1          SMG_23 = 0;
  67   1          SMG_22 = 1;
  68   1      }
  69          void SMG8() {
  70   1          SMG_24 = 0;
  71   1          SMG_23 = 0;
  72   1          SMG_22 = 0;
  73   1      }


MODULE INFORMATION:   STATIC OVERLAYABLE
   CODE SIZE        =    141    ----
   CONSTANT SIZE    =   ----    ----
   XDATA SIZE       =   ----    ----
   PDATA SIZE       =   ----    ----
   DATA SIZE        =     43       9
   IDATA SIZE       =   ----    ----
   BIT SIZE         =   ----    ----
END OF MODULE INFORMATION.


C51 COMPILATION COMPLETE.  0 WARNING(S),  0 ERROR(S)
